#
# A fatal error has been detected by the Java Runtime Environment:
#
#  SIGSEGV (0xb) at pc=0x00007fff8b2be4dd, pid=6488, tid=2571
#
# JRE version: Java(TM) SE Runtime Environment (8.0_65-b17) (build 1.8.0_65-b17)
# Java VM: Java HotSpot(TM) 64-Bit Server VM (25.65-b01 mixed mode bsd-amd64 compressed oops)
# Problematic frame:
# C  [libobjc.A.dylib+0x14dd]  objc_msgSend+0x1d
#
# Failed to write core dump. Core dumps have been disabled. To enable core dumping, try "ulimit -c unlimited" before starting Java again
#
# If you would like to submit a bug report, please visit:
#   http://bugreport.java.com/bugreport/crash.jsp
# The crash happened outside the Java Virtual Machine in native code.
# See problematic frame for where to report the bug.
#

---------------  T H R E A D  ---------------

Current thread (0x00007fa20b935000):  JavaThread "AWT-AppKit" daemon [_thread_in_native, id=2571, stack(0x00007fff59a6b000,0x00007fff5a26b000)]

siginfo: si_signo: 11 (SIGSEGV), si_code: 1 (SEGV_MAPERR), si_addr: 0x0000000000000018

Registers:
RAX=0x00007fa20fb99460, RBX=0x000000017a2aa450, RCX=0x000000012461a560, RDX=0x000000012461a0c0
RSP=0x00007fff5a266358, RBP=0x00007fff5a266410, RSI=0x00007fff89fb2d0e, RDI=0x00007fa20fb943c0
R8 =0x0000000000000000, R9 =0x00000000000008c0, R10=0x00007fff89fb2d0e, R11=0x0000000000000000
R12=0x0000000000000000, R13=0x000000017e6cfc60, R14=0x000000017a2aa440, R15=0x00007fa20b935000
RIP=0x00007fff8b2be4dd, EFLAGS=0x0000000000010246, ERR=0x0000000000000004
  TRAPNO=0x000000000000000e

Top of Stack: (sp=0x00007fff5a266358)
0x00007fff5a266358:   000000017a2a8157 00007fff5a2663b0
0x00007fff5a266368:   0000000000000003 00007fff5a266390
0x00007fff5a266378:   00000001067f19a6 000000017e6cfc60
0x00007fff5a266388:   000000017e6cfc60 00007fa20fb99460
0x00007fff5a266398:   000000017a2aa6a0 000000017a2aa710
0x00007fff5a2663a8:   00007fff7397c770 00007fff73bfe500
0x00007fff5a2663b8:   000000017a2aa450 000000017a2aa690
0x00007fff5a2663c8:   00007fa20fb99460 00007fa20fb943c0
0x00007fff5a2663d8:   00007fa20b523a30 00007fa20fb99460
0x00007fff5a2663e8:   00007fa20fb943c0 00007fff5a266498
0x00007fff5a2663f8:   00007fa20b9351f8 000000017e6cfc60
0x00007fff5a266408:   00007fff5a2664c0 00007fff5a266488
0x00007fff5a266418:   000000010759e954 000000017e6cfc60
0x00007fff5a266428:   00007fff5a2664c0 00007fff5a266488
0x00007fff5a266438:   000000010759e6e7 000000010759e6a2
0x00007fff5a266448:   00007fff5a266448 000000017e6cfc60
0x00007fff5a266458:   00007fff5a2664c0 000000017e6d2898
0x00007fff5a266468:   0000000000000000 000000017e6cfc60
0x00007fff5a266478:   0000000000000000 00007fff5a2664a8
0x00007fff5a266488:   00007fff5a266508 0000000107590c4d
0x00007fff5a266498:   00000006c05268a0 0000000107598578
0x00007fff5a2664a8:   00007fa20fb99460 00007fff5a266508
0x00007fff5a2664b8:   00007fa20fb943c0 0000000107599d82
0x00007fff5a2664c8:   00007fff5a2664c8 000000017e6cfe2a
0x00007fff5a2664d8:   00007fff5a266530 000000017e6d2898
0x00007fff5a2664e8:   0000000000000000 000000017e6cfe38
0x00007fff5a2664f8:   00007fff5a2664a8 00007fff5a266518
0x00007fff5a266508:   00007fff5a266578 0000000107590c4d
0x00007fff5a266518:   00007fa20fb99460 00000006c02dd5e0
0x00007fff5a266528:   00007fa20fb943c0 00000006c02dd5e0
0x00007fff5a266538:   00007fff5a266538 00000001809eacb6
0x00007fff5a266548:   00007fff5a266588 00000001809ead70 

Instructions: (pc=0x00007fff8b2be4dd)
0x00007fff8b2be4bd:   44 00 00 48 85 ff 2e 74 62 40 f6 c7 01 2e 75 66
0x00007fff8b2be4cd:   49 bb f8 ff ff ff ff 7f 00 00 4c 23 1f 49 89 f2
0x00007fff8b2be4dd:   45 23 53 18 49 c1 e2 04 4d 03 53 10 49 3b 32 75
0x00007fff8b2be4ed:   04 41 ff 62 08 49 83 3a 01 76 0d 49 83 c2 10 49 

Register to memory mapping:

RAX=0x00007fa20fb99460 is an unknown value
RBX=0x000000017a2aa450: Java_jogamp_nativewindow_macosx_OSXUtil_GetScreenRefreshRate0+0x1cf0 in /private/var/folders/vd/gg4m48993cb6_6m4v7vr0kzc0000gp/T/jogamp_0000/file_cache/jln6462756834388256499/jln8883152087619449425/libnativewindow_macosx.jnilib at 0x000000017a2a3000
RCX=0x000000012461a560 is an unknown value
RDX=0x000000012461a0c0 is an unknown value
RSP=0x00007fff5a266358 is pointing into the stack for thread: 0x00007fa20b935000
RBP=0x00007fff5a266410 is pointing into the stack for thread: 0x00007fa20b935000
RSI=0x00007fff89fb2d0e is an unknown value
RDI=0x00007fa20fb943c0 is an unknown value
R8 =0x0000000000000000 is an unknown value
R9 =0x00000000000008c0 is an unknown value
R10=0x00007fff89fb2d0e is an unknown value
R11=0x0000000000000000 is an unknown value
R12=0x0000000000000000 is an unknown value
R13={method} {0x000000017e6cfc60} 'UnsetJAWTRootSurfaceLayer0' '(JJ)V' in 'jogamp/nativewindow/jawt/macosx/MacOSXJAWTWindow'
R14=0x000000017a2aa440: Java_jogamp_nativewindow_macosx_OSXUtil_GetScreenRefreshRate0+0x1ce0 in /private/var/folders/vd/gg4m48993cb6_6m4v7vr0kzc0000gp/T/jogamp_0000/file_cache/jln6462756834388256499/jln8883152087619449425/libnativewindow_macosx.jnilib at 0x000000017a2a3000
R15=0x00007fa20b935000 is a thread


Stack: [0x00007fff59a6b000,0x00007fff5a26b000],  sp=0x00007fff5a266358,  free space=8172k
Native frames: (J=compiled Java code, j=interpreted, Vv=VM code, C=native code)
C  [libobjc.A.dylib+0x14dd]  objc_msgSend+0x1d
j  jogamp.nativewindow.jawt.macosx.MacOSXJAWTWindow.UnsetJAWTRootSurfaceLayer0(JJ)V+0
j  jogamp.nativewindow.jawt.macosx.MacOSXJAWTWindow.access$200(JJ)V+2
j  jogamp.nativewindow.jawt.macosx.MacOSXJAWTWindow$1.run()V+38
J 1563 C1 com.jogamp.common.util.RunnableTask.run()V (345 bytes) @ 0x0000000107b0b314 [0x0000000107b0b180+0x194]
v  ~StubRoutines::call_stub
V  [libjvm.dylib+0x2eab02]
V  [libjvm.dylib+0x321bab]
V  [libjvm.dylib+0x31437f]
C  [libnativewindow_macosx.jnilib+0x5326]  Java_jogamp_nativewindow_jawt_macosx_MacOSXJAWTWindow_UnsetJAWTRootSurfaceLayer0+0x2b6
C  [Foundation+0x8dd4b]  __NSThreadPerformPerform+0x117
C  [CoreFoundation+0x7e5c1]  __CFRUNLOOP_IS_CALLING_OUT_TO_A_SOURCE0_PERFORM_FUNCTION__+0x11
C  [CoreFoundation+0x70397]  __CFRunLoopDoSources0+0x1a7
C  [CoreFoundation+0x6f93f]  __CFRunLoopRun+0x39f
C  [CoreFoundation+0x6f338]  CFRunLoopRunSpecific+0x128
C  [HIToolbox+0x30935]  RunCurrentEventLoopInMode+0xeb
C  [HIToolbox+0x30677]  ReceiveNextEventCommon+0xb8
C  [HIToolbox+0x305af]  _BlockUntilNextEventMatchingListInModeWithFilter+0x47
C  [AppKit+0x8a0ee]  _DPSNextEvent+0x42b
C  [AppKit+0x456943]  -[NSApplication _nextEventMatchingEventMask:untilDate:inMode:dequeue:]+0x1c6
C  [libosxapp.dylib+0x23aa]  -[NSApplicationAWT nextEventMatchingMask:untilDate:inMode:dequeue:]+0x7c
C  [AppKit+0x7ffc8]  -[NSApplication run]+0x2aa
C  [libosxapp.dylib+0x214d]  +[NSApplicationAWT runAWTLoopWithApp:]+0x9c
C  [libawt_lwawt.dylib+0x44517]  -[AWTStarter starter:]+0x389
C  [Foundation+0x8dd4b]  __NSThreadPerformPerform+0x117
C  [CoreFoundation+0x7e5c1]  __CFRUNLOOP_IS_CALLING_OUT_TO_A_SOURCE0_PERFORM_FUNCTION__+0x11
C  [CoreFoundation+0x7041c]  __CFRunLoopDoSources0+0x22c
C  [CoreFoundation+0x6f93f]  __CFRunLoopRun+0x39f
C  [CoreFoundation+0x6f338]  CFRunLoopRunSpecific+0x128
C  [java+0x6463]  CreateExecutionEnvironment+0x367
C  [java+0x21ac]  JLI_Launch+0x7a0
C  [java+0x84c0]  main+0x65
C  [java+0x1a04]  start+0x34
C  0x0000000000000007

Java frames: (J=compiled Java code, j=interpreted, Vv=VM code)
j  jogamp.nativewindow.jawt.macosx.MacOSXJAWTWindow.UnsetJAWTRootSurfaceLayer0(JJ)V+0
j  jogamp.nativewindow.jawt.macosx.MacOSXJAWTWindow.access$200(JJ)V+2
j  jogamp.nativewindow.jawt.macosx.MacOSXJAWTWindow$1.run()V+38
J 1563 C1 com.jogamp.common.util.RunnableTask.run()V (345 bytes) @ 0x0000000107b0b314 [0x0000000107b0b180+0x194]
v  ~StubRoutines::call_stub

---------------  P R O C E S S  ---------------

Java Threads: ( => current thread )
  0x00007fa211801000 JavaThread "Thread-9" [_thread_blocked, id=65807, stack(0x000070000104a000,0x000070000114a000)]
  0x00007fa20d3b2000 JavaThread "Thread-8" [_thread_in_native, id=63751, stack(0x0000700001d7a000,0x0000700001e7a000)]
  0x00007fa20caf3800 JavaThread "Thread-7" [_thread_in_native, id=62727, stack(0x0000700001b74000,0x0000700001c74000)]
  0x00007fa20d3b1800 JavaThread "Thread-5" [_thread_in_native, id=63235, stack(0x0000700001c77000,0x0000700001d77000)]
  0x00007fa20d3b0000 JavaThread "Thread-3" [_thread_in_native, id=62215, stack(0x0000700001a71000,0x0000700001b71000)]
  0x00007fa20d2d4000 JavaThread "AWT-EventQueue-1" [_thread_in_native, id=58923, stack(0x00007000018eb000,0x00007000019eb000)]
  0x00007fa20c1b4800 JavaThread "DestroyJavaVM" [_thread_blocked, id=5891, stack(0x000070000011a000,0x000070000021a000)]
  0x00007fa20b9da800 JavaThread "AWT-EventQueue-0" [_thread_blocked, id=56323, stack(0x00007000016e5000,0x00007000017e5000)]
  0x00007fa20d0c1800 JavaThread "Java2D Disposer" daemon [_thread_blocked, id=52995, stack(0x000070000145c000,0x000070000155c000)]
  0x00007fa20b97e800 JavaThread "Java2D Queue Flusher" daemon [_thread_blocked, id=43283, stack(0x0000700001359000,0x0000700001459000)]
  0x00007fa20b94f000 JavaThread "AWT-Shutdown" [_thread_blocked, id=28699, stack(0x00007000011d3000,0x00007000012d3000)]
=>0x00007fa20b935000 JavaThread "AWT-AppKit" daemon [_thread_in_native, id=2571, stack(0x00007fff59a6b000,0x00007fff5a26b000)]
  0x00007fa20b82a800 JavaThread "Service Thread" daemon [_thread_blocked, id=18691, stack(0x0000700000e44000,0x0000700000f44000)]
  0x00007fa20b834800 JavaThread "C1 CompilerThread2" daemon [_thread_blocked, id=18179, stack(0x0000700000d41000,0x0000700000e41000)]
  0x00007fa20c026000 JavaThread "C2 CompilerThread1" daemon [_thread_blocked, id=17667, stack(0x0000700000c3e000,0x0000700000d3e000)]
  0x00007fa20b834000 JavaThread "C2 CompilerThread0" daemon [_thread_blocked, id=17155, stack(0x0000700000b3b000,0x0000700000c3b000)]
  0x00007fa20b833000 JavaThread "Signal Dispatcher" daemon [_thread_blocked, id=12815, stack(0x0000700000a38000,0x0000700000b38000)]
  0x00007fa20b818000 JavaThread "Finalizer" daemon [_thread_blocked, id=12291, stack(0x000070000082f000,0x000070000092f000)]
  0x00007fa20b817800 JavaThread "Reference Handler" daemon [_thread_blocked, id=11779, stack(0x000070000072c000,0x000070000082c000)]

Other Threads:
  0x00007fa20c813800 VMThread [stack: 0x0000700000629000,0x0000700000729000] [id=11267]
  0x00007fa20c826800 WatcherThread [stack: 0x0000700000f47000,0x0000700001047000] [id=19203]

VM state:not at safepoint (normal execution)

VM Mutex/Monitor currently owned by a thread: None

Heap:
 PSYoungGen      total 48128K, used 44748K [0x000000076ab00000, 0x000000076f180000, 0x00000007c0000000)
  eden space 47616K, 93% used [0x000000076ab00000,0x000000076d69b3a8,0x000000076d980000)
  from space 512K, 18% used [0x000000076da00000,0x000000076da18000,0x000000076da80000)
  to   space 12288K, 0% used [0x000000076e580000,0x000000076e580000,0x000000076f180000)
 ParOldGen       total 175104K, used 12632K [0x00000006c0000000, 0x00000006cab00000, 0x000000076ab00000)
  object space 175104K, 7% used [0x00000006c0000000,0x00000006c0c561b8,0x00000006cab00000)
 Metaspace       used 19238K, capacity 19487K, committed 19712K, reserved 1067008K
  class space    used 1872K, capacity 1950K, committed 2048K, reserved 1048576K

Card table byte_map: [0x0000000116949000,0x000000011714a000] byte_map_base: 0x0000000113349000

Marking Bits: (ParMarkBitMap*) 0x0000000106edee20
 Begin Bits: [0x00000001176a0000, 0x000000011b6a0000)
 End Bits:   [0x000000011b6a0000, 0x000000011f6a0000)

Polling page: 0x0000000105c58000

CodeCache: size=245760Kb used=8235Kb max_used=8246Kb free=237524Kb
 bounds [0x0000000107589000, 0x0000000107dc9000, 0x0000000116589000]
 total_blobs=3014 nmethods=2140 adapters=787
 compilation: enabled

Compilation events (10 events):
Event: 73.259 Thread 0x00007fa20b834000 2307   !   4       java.awt.EventQueue::postEventPrivate (104 bytes)
Event: 73.294 Thread 0x00007fa20b834000 nmethod 2307 0x0000000107938950 code [0x0000000107938c80, 0x000000010793a910]
Event: 75.479 Thread 0x00007fa20c026000 2308       4       java.util.AbstractCollection::retainAll (49 bytes)
Event: 75.494 Thread 0x00007fa20c026000 nmethod 2308 0x0000000107911e90 code [0x0000000107912060, 0x0000000107913088]
Event: 76.612 Thread 0x00007fa20b834800 2309       3       java.awt.geom.AffineTransform::getScaleX (5 bytes)
Event: 76.612 Thread 0x00007fa20b834800 nmethod 2309 0x00000001079a0f50 code [0x00000001079a10a0, 0x00000001079a11f0]
Event: 76.612 Thread 0x00007fa20b834800 2311       3       sun.java2d.pipe.RenderBuffer::putFloat (26 bytes)
Event: 76.612 Thread 0x00007fa20b834800 nmethod 2311 0x0000000107955dd0 code [0x0000000107955f40, 0x00000001079560d0]
Event: 76.612 Thread 0x00007fa20b834800 2310       1       sun.java2d.SurfaceData::isValid (5 bytes)
Event: 76.612 Thread 0x00007fa20b834800 nmethod 2310 0x0000000107955ad0 code [0x0000000107955c20, 0x0000000107955d30]

GC Heap History (10 events):
Event: 58.504 GC heap before
{Heap before GC invocations=17 (full 0):
 PSYoungGen      total 66048K, used 52256K [0x000000076ab00000, 0x000000076fc00000, 0x00000007c0000000)
  eden space 52224K, 100% used [0x000000076ab00000,0x000000076de00000,0x000000076de00000)
  from space 13824K, 0% used [0x000000076ee80000,0x000000076ee88000,0x000000076fc00000)
  to   space 15360K, 0% used [0x000000076de00000,0x000000076de00000,0x000000076ed00000)
 ParOldGen       total 175104K, used 12536K [0x00000006c0000000, 0x00000006cab00000, 0x000000076ab00000)
  object space 175104K, 7% used [0x00000006c0000000,0x00000006c0c3e1b8,0x00000006cab00000)
 Metaspace       used 19187K, capacity 19327K, committed 19584K, reserved 1067008K
  class space    used 1863K, capacity 1918K, committed 1920K, reserved 1048576K
Event: 58.505 GC heap after
Heap after GC invocations=17 (full 0):
 PSYoungGen      total 51712K, used 128K [0x000000076ab00000, 0x000000076fa00000, 0x00000007c0000000)
  eden space 51200K, 0% used [0x000000076ab00000,0x000000076ab00000,0x000000076dd00000)
  from space 512K, 25% used [0x000000076de00000,0x000000076de20000,0x000000076de80000)
  to   space 14848K, 0% used [0x000000076eb80000,0x000000076eb80000,0x000000076fa00000)
 ParOldGen       total 175104K, used 12560K [0x00000006c0000000, 0x00000006cab00000, 0x000000076ab00000)
  object space 175104K, 7% used [0x00000006c0000000,0x00000006c0c441b8,0x00000006cab00000)
 Metaspace       used 19187K, capacity 19327K, committed 19584K, reserved 1067008K
  class space    used 1863K, capacity 1918K, committed 1920K, reserved 1048576K
}
Event: 62.255 GC heap before
{Heap before GC invocations=18 (full 0):
 PSYoungGen      total 51712K, used 51328K [0x000000076ab00000, 0x000000076fa00000, 0x00000007c0000000)
  eden space 51200K, 100% used [0x000000076ab00000,0x000000076dd00000,0x000000076dd00000)
  from space 512K, 25% used [0x000000076de00000,0x000000076de20000,0x000000076de80000)
  to   space 14848K, 0% used [0x000000076eb80000,0x000000076eb80000,0x000000076fa00000)
 ParOldGen       total 175104K, used 12560K [0x00000006c0000000, 0x00000006cab00000, 0x000000076ab00000)
  object space 175104K, 7% used [0x00000006c0000000,0x00000006c0c441b8,0x00000006cab00000)
 Metaspace       used 19201K, capacity 19327K, committed 19584K, reserved 1067008K
  class space    used 1863K, capacity 1918K, committed 1920K, reserved 1048576K
Event: 62.257 GC heap after
Heap after GC invocations=18 (full 0):
 PSYoungGen      total 62976K, used 64K [0x000000076ab00000, 0x000000076f800000, 0x00000007c0000000)
  eden space 50176K, 0% used [0x000000076ab00000,0x000000076ab00000,0x000000076dc00000)
  from space 12800K, 0% used [0x000000076eb80000,0x000000076eb90000,0x000000076f800000)
  to   space 14336K, 0% used [0x000000076dc00000,0x000000076dc00000,0x000000076ea00000)
 ParOldGen       total 175104K, used 12584K [0x00000006c0000000, 0x00000006cab00000, 0x000000076ab00000)
  object space 175104K, 7% used [0x00000006c0000000,0x00000006c0c4a1b8,0x00000006cab00000)
 Metaspace       used 19201K, capacity 19327K, committed 19584K, reserved 1067008K
  class space    used 1863K, capacity 1918K, committed 1920K, reserved 1048576K
}
Event: 66.040 GC heap before
{Heap before GC invocations=19 (full 0):
 PSYoungGen      total 62976K, used 50240K [0x000000076ab00000, 0x000000076f800000, 0x00000007c0000000)
  eden space 50176K, 100% used [0x000000076ab00000,0x000000076dc00000,0x000000076dc00000)
  from space 12800K, 0% used [0x000000076eb80000,0x000000076eb90000,0x000000076f800000)
  to   space 14336K, 0% used [0x000000076dc00000,0x000000076dc00000,0x000000076ea00000)
 ParOldGen       total 175104K, used 12584K [0x00000006c0000000, 0x00000006cab00000, 0x000000076ab00000)
  object space 175104K, 7% used [0x00000006c0000000,0x00000006c0c4a1b8,0x00000006cab00000)
 Metaspace       used 19201K, capacity 19327K, committed 19584K, reserved 1067008K
  class space    used 1863K, capacity 1918K, committed 1920K, reserved 1048576K
Event: 66.042 GC heap after
Heap after GC invocations=19 (full 0):
 PSYoungGen      total 49664K, used 128K [0x000000076ab00000, 0x000000076f500000, 0x00000007c0000000)
  eden space 49152K, 0% used [0x000000076ab00000,0x000000076ab00000,0x000000076db00000)
  from space 512K, 25% used [0x000000076dc00000,0x000000076dc20000,0x000000076dc80000)
  to   space 13312K, 0% used [0x000000076e800000,0x000000076e800000,0x000000076f500000)
 ParOldGen       total 175104K, used 12608K [0x00000006c0000000, 0x00000006cab00000, 0x000000076ab00000)
  object space 175104K, 7% used [0x00000006c0000000,0x00000006c0c501b8,0x00000006cab00000)
 Metaspace       used 19201K, capacity 19327K, committed 19584K, reserved 1067008K
  class space    used 1863K, capacity 1918K, committed 1920K, reserved 1048576K
}
Event: 69.759 GC heap before
{Heap before GC invocations=20 (full 0):
 PSYoungGen      total 49664K, used 49280K [0x000000076ab00000, 0x000000076f500000, 0x00000007c0000000)
  eden space 49152K, 100% used [0x000000076ab00000,0x000000076db00000,0x000000076db00000)
  from space 512K, 25% used [0x000000076dc00000,0x000000076dc20000,0x000000076dc80000)
  to   space 13312K, 0% used [0x000000076e800000,0x000000076e800000,0x000000076f500000)
 ParOldGen       total 175104K, used 12608K [0x00000006c0000000, 0x00000006cab00000, 0x000000076ab00000)
  object space 175104K, 7% used [0x00000006c0000000,0x00000006c0c501b8,0x00000006cab00000)
 Metaspace       used 19201K, capacity 19327K, committed 19584K, reserved 1067008K
  class space    used 1863K, capacity 1918K, committed 1920K, reserved 1048576K
Event: 69.760 GC heap after
Heap after GC invocations=20 (full 0):
 PSYoungGen      total 59392K, used 96K [0x000000076ab00000, 0x000000076f300000, 0x00000007c0000000)
  eden space 48128K, 0% used [0x000000076ab00000,0x000000076ab00000,0x000000076da00000)
  from space 11264K, 0% used [0x000000076e800000,0x000000076e818000,0x000000076f300000)
  to   space 12800K, 0% used [0x000000076da00000,0x000000076da00000,0x000000076e680000)
 ParOldGen       total 175104K, used 12616K [0x00000006c0000000, 0x00000006cab00000, 0x000000076ab00000)
  object space 175104K, 7% used [0x00000006c0000000,0x00000006c0c521b8,0x00000006cab00000)
 Metaspace       used 19201K, capacity 19327K, committed 19584K, reserved 1067008K
  class space    used 1863K, capacity 1918K, committed 1920K, reserved 1048576K
}
Event: 73.344 GC heap before
{Heap before GC invocations=21 (full 0):
 PSYoungGen      total 59392K, used 48224K [0x000000076ab00000, 0x000000076f300000, 0x00000007c0000000)
  eden space 48128K, 100% used [0x000000076ab00000,0x000000076da00000,0x000000076da00000)
  from space 11264K, 0% used [0x000000076e800000,0x000000076e818000,0x000000076f300000)
  to   space 12800K, 0% used [0x000000076da00000,0x000000076da00000,0x000000076e680000)
 ParOldGen       total 175104K, used 12616K [0x00000006c0000000, 0x00000006cab00000, 0x000000076ab00000)
  object space 175104K, 7% used [0x00000006c0000000,0x00000006c0c521b8,0x00000006cab00000)
 Metaspace       used 19201K, capacity 19327K, committed 19584K, reserved 1067008K
  class space    used 1863K, capacity 1918K, committed 1920K, reserved 1048576K
Event: 73.346 GC heap after
Heap after GC invocations=21 (full 0):
 PSYoungGen      total 48128K, used 96K [0x000000076ab00000, 0x000000076f180000, 0x00000007c0000000)
  eden space 47616K, 0% used [0x000000076ab00000,0x000000076ab00000,0x000000076d980000)
  from space 512K, 18% used [0x000000076da00000,0x000000076da18000,0x000000076da80000)
  to   space 12288K, 0% used [0x000000076e580000,0x000000076e580000,0x000000076f180000)
 ParOldGen       total 175104K, used 12632K [0x00000006c0000000, 0x00000006cab00000, 0x000000076ab00000)
  object space 175104K, 7% used [0x00000006c0000000,0x00000006c0c561b8,0x00000006cab00000)
 Metaspace       used 19201K, capacity 19327K, committed 19584K, reserved 1067008K
  class space    used 1863K, capacity 1918K, committed 1920K, reserved 1048576K
}

Deoptimization events (10 events):
Event: 76.579 Thread 0x00007fa20b9da800 Uncommon trap: reason=unstable_if action=reinterpret pc=0x0000000107d3acec method=sun.java2d.SunGraphics2D.validateCompClip()V @ 9
Event: 76.580 Thread 0x00007fa20d2d4000 Uncommon trap: reason=unstable_if action=reinterpret pc=0x0000000107dac0c4 method=java.awt.EventQueue.uncacheEQItem(Lsun/awt/EventQueueItem;)V @ 23
Event: 76.580 Thread 0x00007fa20d2d4000 Uncommon trap: reason=class_check action=maybe_recompile pc=0x0000000107d9f2a4 method=java.awt.event.InvocationEvent.dispatch()V @ 47
Event: 76.581 Thread 0x00007fa20b9da800 Uncommon trap: reason=class_check action=maybe_recompile pc=0x0000000107d9f2a4 method=java.awt.event.InvocationEvent.dispatch()V @ 47
Event: 76.581 Thread 0x00007fa20b9da800 Uncommon trap: reason=class_check action=maybe_recompile pc=0x0000000107d9f354 method=java.awt.EventQueue.dispatchEventImpl(Ljava/awt/AWTEvent;Ljava/lang/Object;)V @ 30
Event: 76.581 Thread 0x00007fa20b9da800 Uncommon trap: reason=unstable_if action=reinterpret pc=0x0000000107cfcfec method=sun.java2d.pipe.Region.intersectsQuickCheck(Lsun/java2d/pipe/Region;)Z @ 41
Event: 76.593 Thread 0x00007fa20d2d4000 Uncommon trap: reason=class_check action=maybe_recompile pc=0x0000000107d9f354 method=java.awt.EventQueue.dispatchEventImpl(Ljava/awt/AWTEvent;Ljava/lang/Object;)V @ 30
Event: 76.611 Thread 0x00007fa20b9c1800 Uncommon trap: reason=unstable_if action=reinterpret pc=0x0000000107c6d784 method=java.util.HashMap.putVal(ILjava/lang/Object;Ljava/lang/Object;ZZ)Ljava/lang/Object; @ 81
Event: 76.622 Thread 0x00007fa20d2d4000 Uncommon trap: reason=unstable_if action=reinterpret pc=0x00000001076b55d8 method=java.util.LinkedList$ListItr.<init>(Ljava/util/LinkedList;I)V @ 26
Event: 76.623 Thread 0x00007fa20d2d4000 Uncommon trap: reason=unstable_if action=reinterpret pc=0x0000000107c71d44 method=java.security.AccessControlContext.optimize()Ljava/security/AccessControlContext; @ 233

Internal exceptions (10 events):
Event: 0.137 Thread 0x00007fa20b80a800 Exception <a 'java/lang/NoSuchFieldError': method resolution failed> (0x000000076aeed510) thrown at [/Users/java_re/workspace/8-2-build-macosx-x86_64/jdk8u65/4987/hotspot/src/share/vm/prims/methodHandles.cpp, line 1146]
Event: 0.139 Thread 0x00007fa20b80a800 Exception <a 'java/lang/NoSuchFieldError': method resolution failed> (0x000000076aeface0) thrown at [/Users/java_re/workspace/8-2-build-macosx-x86_64/jdk8u65/4987/hotspot/src/share/vm/prims/methodHandles.cpp, line 1146]
Event: 0.292 Thread 0x00007fa20b80a800 Exception <a 'java/io/FileNotFoundException'> (0x000000076af76c38) thrown at [/Users/java_re/workspace/8-2-build-macosx-x86_64/jdk8u65/4987/hotspot/src/share/vm/prims/jni.cpp, line 709]
Event: 0.292 Thread 0x00007fa20b80a800 Exception <a 'java/io/FileNotFoundException'> (0x000000076af777a0) thrown at [/Users/java_re/workspace/8-2-build-macosx-x86_64/jdk8u65/4987/hotspot/src/share/vm/prims/jni.cpp, line 709]
Event: 0.374 Thread 0x00007fa20b80a800 Exception <a 'java/io/FileNotFoundException'> (0x000000076b00c448) thrown at [/Users/java_re/workspace/8-2-build-macosx-x86_64/jdk8u65/4987/hotspot/src/share/vm/prims/jni.cpp, line 709]
Event: 1.374 Thread 0x00007fa20d12e800 Exception <a 'java/lang/UnsatisfiedLinkError': com.jogamp.common.util.JarUtil.fixNativeLibAttribs(Ljava/lang/String;)Z> (0x000000076c744f48) thrown at [/Users/java_re/workspace/8-2-build-macosx-x86_64/jdk8u65/4987/hotspot/src/share/vm/prims/nativeLookup.c
Event: 2.099 Thread 0x00007fa20d2d4000 Exception <a 'java/io/FileNotFoundException'> (0x000000076d818820) thrown at [/Users/java_re/workspace/8-2-build-macosx-x86_64/jdk8u65/4987/hotspot/src/share/vm/prims/jni.cpp, line 709]
Event: 2.099 Thread 0x00007fa20d2d4000 Exception <a 'java/io/FileNotFoundException'> (0x000000076d81ea60) thrown at [/Users/java_re/workspace/8-2-build-macosx-x86_64/jdk8u65/4987/hotspot/src/share/vm/prims/jni.cpp, line 709]
Event: 2.099 Thread 0x00007fa20d2d4000 Implicit null exception at 0x000000010772d075 to 0x000000010772d3d9
Event: 2.588 Thread 0x00007fa20b818000 Exception <a 'java/lang/NullPointerException'> (0x000000076ad12908) thrown at [/Users/java_re/workspace/8-2-build-macosx-x86_64/jdk8u65/4987/hotspot/src/share/vm/interpreter/linkResolver.cpp, line 1178]

Events (10 events):
Event: 76.623 loading class java/awt/LightweightDispatcher$2 done
Event: 76.623 loading class java/awt/event/AWTEventListenerProxy
Event: 76.623 loading class java/awt/event/AWTEventListenerProxy done
Event: 76.623 Executing VM operation: Deoptimize
Event: 76.624 Executing VM operation: Deoptimize done
Event: 76.624 loading class java/awt/Toolkit$ToolkitEventMulticaster
Event: 76.624 loading class java/awt/Toolkit$ToolkitEventMulticaster done
Event: 76.624 Thread 0x00007fa20b9c1800 Thread exited: 0x00007fa20b9c1800
Event: 76.624 loading class java/awt/Window$1DisposeAction
Event: 76.624 loading class java/awt/Window$1DisposeAction done


Dynamic libraries:
0x000000000074b000 	/System/Library/Frameworks/Cocoa.framework/Versions/A/Cocoa
0x000000000074b000 	/System/Library/Frameworks/Security.framework/Versions/A/Security
0x000000000074b000 	/System/Library/Frameworks/ApplicationServices.framework/Versions/A/ApplicationServices
0x000000000074b000 	/usr/lib/libz.1.dylib
0x000000000074b000 	/usr/lib/libSystem.B.dylib
0x000000000074b000 	/usr/lib/libobjc.A.dylib
0x000000000074b000 	/System/Library/Frameworks/CoreFoundation.framework/Versions/A/CoreFoundation
0x000000000074b000 	/System/Library/Frameworks/Foundation.framework/Versions/C/Foundation
0x000000000074b000 	/System/Library/Frameworks/AppKit.framework/Versions/C/AppKit
0x000000000074b000 	/System/Library/Frameworks/CoreData.framework/Versions/A/CoreData
0x000000000074b000 	/System/Library/PrivateFrameworks/RemoteViewServices.framework/Versions/A/RemoteViewServices
0x000000000074b000 	/System/Library/PrivateFrameworks/UIFoundation.framework/Versions/A/UIFoundation
0x000000000074b000 	/usr/lib/libScreenReader.dylib
0x000000000074b000 	/System/Library/Frameworks/Accelerate.framework/Versions/A/Accelerate
0x000000000074b000 	/System/Library/Frameworks/IOSurface.framework/Versions/A/IOSurface
0x000000000074b000 	/System/Library/Frameworks/AudioToolbox.framework/Versions/A/AudioToolbox
0x000000000074b000 	/System/Library/Frameworks/AudioUnit.framework/Versions/A/AudioUnit
0x000000000074b000 	/System/Library/PrivateFrameworks/DataDetectorsCore.framework/Versions/A/DataDetectorsCore
0x000000000074b000 	/System/Library/PrivateFrameworks/DesktopServicesPriv.framework/Versions/A/DesktopServicesPriv
0x000000000074b000 	/System/Library/Frameworks/Carbon.framework/Versions/A/Frameworks/HIToolbox.framework/Versions/A/HIToolbox
0x000000000074b000 	/System/Library/Frameworks/QuartzCore.framework/Versions/A/QuartzCore
0x000000000074b000 	/System/Library/Frameworks/Carbon.framework/Versions/A/Frameworks/SpeechRecognition.framework/Versions/A/SpeechRecognition
0x000000000074b000 	/usr/lib/libauto.dylib
0x000000000074b000 	/usr/lib/libicucore.A.dylib
0x000000000074b000 	/usr/lib/libxml2.2.dylib
0x000000000074b000 	/System/Library/PrivateFrameworks/CoreUI.framework/Versions/A/CoreUI
0x000000000074b000 	/System/Library/Frameworks/CoreAudio.framework/Versions/A/CoreAudio
0x000000000074b000 	/System/Library/Frameworks/DiskArbitration.framework/Versions/A/DiskArbitration
0x000000000074b000 	/usr/lib/liblangid.dylib
0x000000000074b000 	/System/Library/PrivateFrameworks/MultitouchSupport.framework/Versions/A/MultitouchSupport
0x000000000074b000 	/System/Library/Frameworks/IOKit.framework/Versions/A/IOKit
0x000000000074b000 	/usr/lib/libDiagnosticMessagesClient.dylib
0x000000000074b000 	/System/Library/Frameworks/CoreServices.framework/Versions/A/CoreServices
0x000000000074b000 	/System/Library/PrivateFrameworks/PerformanceAnalysis.framework/Versions/A/PerformanceAnalysis
0x000000000074b000 	/System/Library/PrivateFrameworks/GenerationalStorage.framework/Versions/A/GenerationalStorage
0x000000000074b000 	/System/Library/Frameworks/OpenGL.framework/Versions/A/OpenGL
0x000000000074b000 	/System/Library/PrivateFrameworks/Sharing.framework/Versions/A/Sharing
0x000000000074b000 	/System/Library/Frameworks/CoreGraphics.framework/Versions/A/CoreGraphics
0x000000000074b000 	/System/Library/Frameworks/CoreImage.framework/Versions/A/CoreImage
0x000000000074b000 	/System/Library/Frameworks/CoreText.framework/Versions/A/CoreText
0x000000000074b000 	/System/Library/Frameworks/ImageIO.framework/Versions/A/ImageIO
0x000000000074b000 	/System/Library/PrivateFrameworks/Backup.framework/Versions/A/Backup
0x000000000074b000 	/usr/lib/libextension.dylib
0x000000000074b000 	/usr/lib/libarchive.2.dylib
0x000000000074b000 	/System/Library/Frameworks/CFNetwork.framework/Versions/A/CFNetwork
0x000000000074b000 	/System/Library/Frameworks/SystemConfiguration.framework/Versions/A/SystemConfiguration
0x000000000074b000 	/usr/lib/libCRFSuite.dylib
0x000000000074b000 	/usr/lib/libc++.1.dylib
0x000000000074b000 	/usr/lib/libc++abi.dylib
0x000000000074b000 	/usr/lib/system/libcache.dylib
0x000000000074b000 	/usr/lib/system/libcommonCrypto.dylib
0x000000000074b000 	/usr/lib/system/libcompiler_rt.dylib
0x000000000074b000 	/usr/lib/system/libcopyfile.dylib
0x000000000074b000 	/usr/lib/system/libcorecrypto.dylib
0x000000000074b000 	/usr/lib/system/libdispatch.dylib
0x000000000074b000 	/usr/lib/system/libdyld.dylib
0x000000000074b000 	/usr/lib/system/libkeymgr.dylib
0x000000000074b000 	/usr/lib/system/liblaunch.dylib
0x000000000074b000 	/usr/lib/system/libmacho.dylib
0x000000000074b000 	/usr/lib/system/libquarantine.dylib
0x000000000074b000 	/usr/lib/system/libremovefile.dylib
0x000000000074b000 	/usr/lib/system/libsystem_asl.dylib
0x000000000074b000 	/usr/lib/system/libsystem_blocks.dylib
0x000000000074b000 	/usr/lib/system/libsystem_c.dylib
0x000000000074b000 	/usr/lib/system/libsystem_configuration.dylib
0x000000000074b000 	/usr/lib/system/libsystem_coreservices.dylib
0x000000000074b000 	/usr/lib/system/libsystem_coretls.dylib
0x000000000074b000 	/usr/lib/system/libsystem_dnssd.dylib
0x000000000074b000 	/usr/lib/system/libsystem_info.dylib
0x000000000074b000 	/usr/lib/system/libsystem_kernel.dylib
0x000000000074b000 	/usr/lib/system/libsystem_m.dylib
0x000000000074b000 	/usr/lib/system/libsystem_malloc.dylib
0x000000000074b000 	/usr/lib/system/libsystem_network.dylib
0x000000000074b000 	/usr/lib/system/libsystem_networkextension.dylib
0x000000000074b000 	/usr/lib/system/libsystem_notify.dylib
0x000000000074b000 	/usr/lib/system/libsystem_platform.dylib
0x000000000074b000 	/usr/lib/system/libsystem_pthread.dylib
0x000000000074b000 	/usr/lib/system/libsystem_sandbox.dylib
0x000000000074b000 	/usr/lib/system/libsystem_secinit.dylib
0x000000000074b000 	/usr/lib/system/libsystem_trace.dylib
0x000000000074b000 	/usr/lib/system/libunc.dylib
0x000000000074b000 	/usr/lib/system/libunwind.dylib
0x000000000074b000 	/usr/lib/system/libxpc.dylib
0x000000000074b000 	/usr/lib/libenergytrace.dylib
0x000000000074b000 	/usr/lib/libbsm.0.dylib
0x000000000074b000 	/usr/lib/system/libkxld.dylib
0x000000000074b000 	/usr/lib/libxar.1.dylib
0x000000000074b000 	/usr/lib/libsqlite3.dylib
0x000000000074b000 	/usr/lib/libpam.2.dylib
0x000000000074b000 	/usr/lib/libOpenScriptingUtil.dylib
0x000000000074b000 	/usr/lib/libbz2.1.0.dylib
0x000000000074b000 	/usr/lib/liblzma.5.dylib
0x000000000074b000 	/System/Library/Frameworks/CoreServices.framework/Versions/A/Frameworks/FSEvents.framework/Versions/A/FSEvents
0x000000000074b000 	/System/Library/Frameworks/CoreServices.framework/Versions/A/Frameworks/CarbonCore.framework/Versions/A/CarbonCore
0x000000000074b000 	/System/Library/Frameworks/CoreServices.framework/Versions/A/Frameworks/Metadata.framework/Versions/A/Metadata
0x000000000074b000 	/System/Library/Frameworks/CoreServices.framework/Versions/A/Frameworks/OSServices.framework/Versions/A/OSServices
0x000000000074b000 	/System/Library/Frameworks/CoreServices.framework/Versions/A/Frameworks/SearchKit.framework/Versions/A/SearchKit
0x000000000074b000 	/System/Library/Frameworks/CoreServices.framework/Versions/A/Frameworks/AE.framework/Versions/A/AE
0x000000000074b000 	/System/Library/Frameworks/CoreServices.framework/Versions/A/Frameworks/LaunchServices.framework/Versions/A/LaunchServices
0x000000000074b000 	/System/Library/Frameworks/CoreServices.framework/Versions/A/Frameworks/DictionaryServices.framework/Versions/A/DictionaryServices
0x000000000074b000 	/System/Library/Frameworks/CoreServices.framework/Versions/A/Frameworks/SharedFileList.framework/Versions/A/SharedFileList
0x000000000074b000 	/System/Library/Frameworks/NetFS.framework/Versions/A/NetFS
0x000000000074b000 	/System/Library/PrivateFrameworks/NetAuth.framework/Versions/A/NetAuth
0x000000000074b000 	/System/Library/PrivateFrameworks/login.framework/Versions/A/Frameworks/loginsupport.framework/Versions/A/loginsupport
0x000000000074b000 	/System/Library/PrivateFrameworks/TCC.framework/Versions/A/TCC
0x000000000074b000 	/usr/lib/libmecabra.dylib
0x000000000074b000 	/System/Library/Frameworks/ApplicationServices.framework/Versions/A/Frameworks/ATS.framework/Versions/A/ATS
0x000000000074b000 	/System/Library/Frameworks/ApplicationServices.framework/Versions/A/Frameworks/ColorSync.framework/Versions/A/ColorSync
0x000000000074b000 	/System/Library/Frameworks/ApplicationServices.framework/Versions/A/Frameworks/HIServices.framework/Versions/A/HIServices
0x000000000074b000 	/System/Library/Frameworks/ApplicationServices.framework/Versions/A/Frameworks/LangAnalysis.framework/Versions/A/LangAnalysis
0x000000000074b000 	/System/Library/Frameworks/ApplicationServices.framework/Versions/A/Frameworks/PrintCore.framework/Versions/A/PrintCore
0x000000000074b000 	/System/Library/Frameworks/ApplicationServices.framework/Versions/A/Frameworks/QD.framework/Versions/A/QD
0x000000000074b000 	/System/Library/Frameworks/ApplicationServices.framework/Versions/A/Frameworks/SpeechSynthesis.framework/Versions/A/SpeechSynthesis
0x000000000074b000 	/System/Library/Frameworks/Metal.framework/Versions/A/Metal
0x000000000074b000 	/System/Library/Frameworks/Accelerate.framework/Versions/A/Frameworks/vImage.framework/Versions/A/vImage
0x000000000074b000 	/System/Library/Frameworks/Accelerate.framework/Versions/A/Frameworks/vecLib.framework/Versions/A/vecLib
0x000000000074b000 	/System/Library/Frameworks/Accelerate.framework/Versions/A/Frameworks/vecLib.framework/Versions/A/libvDSP.dylib
0x000000000074b000 	/System/Library/Frameworks/Accelerate.framework/Versions/A/Frameworks/vecLib.framework/Versions/A/libvMisc.dylib
0x000000000074b000 	/System/Library/Frameworks/Accelerate.framework/Versions/A/Frameworks/vecLib.framework/Versions/A/libLAPACK.dylib
0x000000000074b000 	/System/Library/Frameworks/Accelerate.framework/Versions/A/Frameworks/vecLib.framework/Versions/A/libBLAS.dylib
0x000000000074b000 	/System/Library/Frameworks/Accelerate.framework/Versions/A/Frameworks/vecLib.framework/Versions/A/libLinearAlgebra.dylib
0x000000000074b000 	/System/Library/Frameworks/Accelerate.framework/Versions/A/Frameworks/vecLib.framework/Versions/A/libSparseBLAS.dylib
0x000000000074b000 	/System/Library/PrivateFrameworks/GPUCompiler.framework/libmetal_timestamp.dylib
0x000000000074b000 	/System/Library/Frameworks/OpenGL.framework/Versions/A/Libraries/libCoreFSCache.dylib
0x000000000074b000 	/System/Library/PrivateFrameworks/IOAccelerator.framework/Versions/A/IOAccelerator
0x000000000074b000 	/System/Library/Frameworks/ApplicationServices.framework/Versions/A/Frameworks/ATS.framework/Versions/A/Resources/libFontParser.dylib
0x000000000074b000 	/System/Library/Frameworks/ApplicationServices.framework/Versions/A/Frameworks/ATS.framework/Versions/A/Resources/libFontRegistry.dylib
0x000000000074b000 	/System/Library/PrivateFrameworks/AppleVPA.framework/Versions/A/AppleVPA
0x000000000074b000 	/System/Library/PrivateFrameworks/AppleJPEG.framework/Versions/A/AppleJPEG
0x000000000074b000 	/System/Library/Frameworks/ImageIO.framework/Versions/A/Resources/libJPEG.dylib
0x000000000074b000 	/System/Library/Frameworks/ImageIO.framework/Versions/A/Resources/libTIFF.dylib
0x000000000074b000 	/System/Library/Frameworks/ImageIO.framework/Versions/A/Resources/libPng.dylib
0x000000000074b000 	/System/Library/Frameworks/ImageIO.framework/Versions/A/Resources/libGIF.dylib
0x000000000074b000 	/System/Library/Frameworks/ImageIO.framework/Versions/A/Resources/libJP2.dylib
0x000000000074b000 	/System/Library/Frameworks/ImageIO.framework/Versions/A/Resources/libRadiance.dylib
0x000000000074b000 	/System/Library/Frameworks/CoreVideo.framework/Versions/A/CoreVideo
0x000000000074b000 	/System/Library/Frameworks/OpenGL.framework/Versions/A/Libraries/libGLU.dylib
0x000000000074b000 	/System/Library/Frameworks/OpenGL.framework/Versions/A/Libraries/libGFXShared.dylib
0x000000000074b000 	/System/Library/Frameworks/OpenGL.framework/Versions/A/Libraries/libGL.dylib
0x000000000074b000 	/System/Library/Frameworks/OpenGL.framework/Versions/A/Libraries/libGLImage.dylib
0x000000000074b000 	/System/Library/Frameworks/OpenGL.framework/Versions/A/Libraries/libCVMSPluginSupport.dylib
0x000000000074b000 	/System/Library/Frameworks/OpenGL.framework/Versions/A/Libraries/libCoreVMClient.dylib
0x000000000074b000 	/usr/lib/libcups.2.dylib
0x000000000074b000 	/System/Library/Frameworks/Kerberos.framework/Versions/A/Kerberos
0x000000000074b000 	/System/Library/Frameworks/GSS.framework/Versions/A/GSS
0x000000000074b000 	/usr/lib/libresolv.9.dylib
0x000000000074b000 	/usr/lib/libiconv.2.dylib
0x000000000074b000 	/System/Library/PrivateFrameworks/Heimdal.framework/Versions/A/Heimdal
0x000000000074b000 	/usr/lib/libheimdal-asn1.dylib
0x000000000074b000 	/System/Library/Frameworks/OpenDirectory.framework/Versions/A/OpenDirectory
0x000000000074b000 	/System/Library/PrivateFrameworks/CommonAuth.framework/Versions/A/CommonAuth
0x000000000074b000 	/System/Library/Frameworks/OpenDirectory.framework/Versions/A/Frameworks/CFOpenDirectory.framework/Versions/A/CFOpenDirectory
0x000000000074b000 	/System/Library/Frameworks/SecurityFoundation.framework/Versions/A/SecurityFoundation
0x000000000074b000 	/System/Library/PrivateFrameworks/LanguageModeling.framework/Versions/A/LanguageModeling
0x000000000074b000 	/usr/lib/libmarisa.dylib
0x000000000074b000 	/usr/lib/libChineseTokenizer.dylib
0x000000000074b000 	/usr/lib/libcmph.dylib
0x000000000074b000 	/usr/lib/libcompression.dylib
0x000000000074b000 	/System/Library/Frameworks/ServiceManagement.framework/Versions/A/ServiceManagement
0x000000000074b000 	/usr/lib/libxslt.1.dylib
0x000000000074b000 	/System/Library/Frameworks/Carbon.framework/Versions/A/Frameworks/Ink.framework/Versions/A/Ink
0x000000000074b000 	/usr/lib/libFosl_dynamic.dylib
0x000000000074b000 	/System/Library/PrivateFrameworks/FaceCore.framework/Versions/A/FaceCore
0x000000000074b000 	/System/Library/Frameworks/OpenCL.framework/Versions/A/OpenCL
0x000000000074b000 	/System/Library/PrivateFrameworks/CrashReporterSupport.framework/Versions/A/CrashReporterSupport
0x000000000074b000 	/System/Library/PrivateFrameworks/IconServices.framework/Versions/A/IconServices
0x000000000074b000 	/System/Library/PrivateFrameworks/Apple80211.framework/Versions/A/Apple80211
0x000000000074b000 	/System/Library/Frameworks/CoreWLAN.framework/Versions/A/CoreWLAN
0x000000000074b000 	/System/Library/Frameworks/IOBluetooth.framework/Versions/A/IOBluetooth
0x000000000074b000 	/System/Library/PrivateFrameworks/CoreWiFi.framework/Versions/A/CoreWiFi
0x000000000074b000 	/System/Library/Frameworks/CoreBluetooth.framework/Versions/A/CoreBluetooth
0x000000000074b000 	/System/Library/PrivateFrameworks/ChunkingLibrary.framework/Versions/A/ChunkingLibrary
0x000000000074b000 	/System/Library/PrivateFrameworks/DebugSymbols.framework/Versions/A/DebugSymbols
0x000000000074b000 	/System/Library/PrivateFrameworks/CoreSymbolication.framework/Versions/A/CoreSymbolication
0x000000000074b000 	/System/Library/PrivateFrameworks/Symbolication.framework/Versions/A/Symbolication
0x000000000074b000 	/System/Library/PrivateFrameworks/SpeechRecognitionCore.framework/Versions/A/SpeechRecognitionCore
0x0000000106600000 	/Library/Java/JavaVirtualMachines/jdk1.8.0_65.jdk/Contents/Home/jre/lib/server/libjvm.dylib
0x000000000074b000 	/usr/lib/libstdc++.6.dylib
0x0000000105c15000 	/Library/Java/JavaVirtualMachines/jdk1.8.0_65.jdk/Contents/Home/jre/lib/libverify.dylib
0x0000000105c23000 	/Library/Java/JavaVirtualMachines/jdk1.8.0_65.jdk/Contents/Home/jre/lib/libjava.dylib
0x0000000105c62000 	/Library/Java/JavaVirtualMachines/jdk1.8.0_65.jdk/Contents/Home/jre/lib/libzip.dylib
0x0000000121835000 	/System/Library/Frameworks/JavaVM.framework/Frameworks/JavaRuntimeSupport.framework/JavaRuntimeSupport
0x0000000121850000 	/System/Library/Frameworks/JavaVM.framework/Versions/A/Frameworks/JavaNativeFoundation.framework/Versions/A/JavaNativeFoundation
0x0000000121865000 	/System/Library/Frameworks/JavaVM.framework/Versions/A/JavaVM
0x000000000074b000 	/System/Library/Frameworks/Carbon.framework/Versions/A/Carbon
0x0000000121872000 	/System/Library/PrivateFrameworks/JavaLaunching.framework/Versions/A/JavaLaunching
0x000000000074b000 	/System/Library/Frameworks/Carbon.framework/Versions/A/Frameworks/CommonPanels.framework/Versions/A/CommonPanels
0x000000000074b000 	/System/Library/Frameworks/Carbon.framework/Versions/A/Frameworks/Help.framework/Versions/A/Help
0x000000000074b000 	/System/Library/Frameworks/Carbon.framework/Versions/A/Frameworks/ImageCapture.framework/Versions/A/ImageCapture
0x000000000074b000 	/System/Library/Frameworks/Carbon.framework/Versions/A/Frameworks/OpenScripting.framework/Versions/A/OpenScripting
0x000000000074b000 	/System/Library/Frameworks/Carbon.framework/Versions/A/Frameworks/Print.framework/Versions/A/Print
0x000000000074b000 	/System/Library/Frameworks/Carbon.framework/Versions/A/Frameworks/SecurityHI.framework/Versions/A/SecurityHI
0x000000012318f000 	/Library/Java/JavaVirtualMachines/jdk1.8.0_65.jdk/Contents/Home/jre/lib/libawt.dylib
0x0000000123237000 	/Library/Java/JavaVirtualMachines/jdk1.8.0_65.jdk/Contents/Home/jre/lib/./libmlib_image.dylib
0x0000000123303000 	/Library/Java/JavaVirtualMachines/jdk1.8.0_65.jdk/Contents/Home/jre/lib/libawt_lwawt.dylib
0x00000001233b8000 	/Library/Java/JavaVirtualMachines/jdk1.8.0_65.jdk/Contents/Home/jre/lib/./libosxapp.dylib
0x000000000074b000 	/System/Library/Frameworks/ExceptionHandling.framework/Versions/A/ExceptionHandling
0x000000000074b000 	/System/Library/PrivateFrameworks/CoreServicesInternal.framework/Versions/A/CoreServicesInternal
0x000000000074b000 	/System/Library/Frameworks/CoreGraphics.framework/Versions/A/Resources/libRIP.A.dylib
0x000000000074b000 	/System/Library/Frameworks/Accelerate.framework/Versions/A/Frameworks/vImage.framework/Versions/A/Libraries/libCGInterfaces.dylib
0x000000000074b000 	/System/Library/Frameworks/CoreGraphics.framework/Versions/A/Resources/libCGXType.A.dylib
0x000000000074b000 	/System/Library/Frameworks/OpenCL.framework/Versions/A/Libraries/libcldcpuengine.dylib
0x000000000074b000 	/System/Library/PrivateFrameworks/DiskImages.framework/Versions/A/DiskImages
0x000000000074b000 	/System/Library/Frameworks/DiscRecording.framework/Versions/A/DiscRecording
0x000000000074b000 	/usr/lib/libcsfde.dylib
0x000000000074b000 	/usr/lib/libcurl.4.dylib
0x000000000074b000 	/System/Library/PrivateFrameworks/MediaKit.framework/Versions/A/MediaKit
0x000000000074b000 	/System/Library/PrivateFrameworks/ProtectedCloudStorage.framework/Versions/A/ProtectedCloudStorage
0x000000000074b000 	/usr/lib/libCoreStorage.dylib
0x000000000074b000 	/System/Library/PrivateFrameworks/EFILogin.framework/Versions/A/EFILogin
0x000000000074b000 	/usr/lib/libutil.dylib
0x000000000074b000 	/System/Library/PrivateFrameworks/FindMyDevice.framework/Versions/A/FindMyDevice
0x000000000074b000 	/System/Library/Frameworks/LDAP.framework/Versions/A/LDAP
0x000000000074b000 	/usr/lib/libsasl2.2.dylib
0x000000000074b000 	/System/Library/PrivateFrameworks/CoreDaemon.framework/Versions/B/CoreDaemon
0x000000000074b000 	/usr/lib/libcrypto.0.9.8.dylib
0x000000000074b000 	/System/Library/PrivateFrameworks/AppleSRP.framework/Versions/A/AppleSRP
0x000000000074b000 	/System/Library/PrivateFrameworks/TrustEvaluationAgent.framework/Versions/A/TrustEvaluationAgent
0x0000000125011000 	cl_kernels
0x000000000074b000 	/System/Library/Frameworks/OpenCL.framework/Versions/A/Libraries/ImageFormats/unorm8_bgra.dylib
0x000000000074b000 	/System/Library/Frameworks/OpenCL.framework/Versions/A/Libraries/ImageFormats/unorm8_rgba.dylib
0x000000000074b000 	/System/Library/PrivateFrameworks/FamilyControls.framework/Versions/A/FamilyControls
0x000000000074b000 	/System/Library/PrivateFrameworks/CommerceKit.framework/Versions/A/Frameworks/CommerceCore.framework/Versions/A/CommerceCore
0x000000000074b000 	/System/Library/PrivateFrameworks/SystemAdministration.framework/Versions/A/SystemAdministration
0x000000000074b000 	/System/Library/PrivateFrameworks/AppContainer.framework/Versions/A/AppContainer
0x000000000074b000 	/System/Library/PrivateFrameworks/SecCodeWrapper.framework/Versions/A/SecCodeWrapper
0x000000000074b000 	/System/Library/Frameworks/DirectoryService.framework/Versions/A/DirectoryService
0x000000000074b000 	/System/Library/PrivateFrameworks/LoginUIKit.framework/Versions/A/Frameworks/LoginUICore.framework/Versions/A/LoginUICore
0x000000000074b000 	/usr/lib/libodfde.dylib
0x000000000074b000 	/System/Library/Frameworks/OpenGL.framework/Versions/A/Resources/GLEngine.bundle/GLEngine
0x000000000074b000 	/System/Library/Frameworks/OpenGL.framework/Versions/A/Libraries/libGLProgrammability.dylib
0x000000012610f000 	/System/Library/Extensions/AppleIntelBDWGraphicsGLDriver.bundle/Contents/MacOS/AppleIntelBDWGraphicsGLDriver
0x000000000074b000 	/System/Library/PrivateFrameworks/GPUSupport.framework/Versions/A/Libraries/libGPUSupportMercury.dylib
0x000000000074b000 	/System/Library/Frameworks/OpenGL.framework/Versions/A/Resources/GLRendererFloat.bundle/GLRendererFloat
0x0000000127090000 	/Library/Java/JavaVirtualMachines/jdk1.8.0_65.jdk/Contents/Home/jre/lib/libfontmanager.dylib
0x0000000128558000 	/Library/Java/JavaVirtualMachines/jdk1.8.0_65.jdk/Contents/Home/jre/lib/libosxui.dylib
0x000000012907c000 	/Library/Java/JavaVirtualMachines/jdk1.8.0_65.jdk/Contents/Home/jre/lib/libnet.dylib
0x0000000128fc6000 	/Library/Java/JavaVirtualMachines/jdk1.8.0_65.jdk/Contents/Home/jre/lib/libnio.dylib
0x000000000074b000 	/System/Library/Frameworks/ApplicationServices.framework/Versions/A/Frameworks/ATS.framework/Versions/A/Resources/libTrueTypeScaler.dylib
0x000000017a3c9000 	/System/Library/Extensions/AppleIntelBDWGraphicsMTLDriver.bundle/Contents/MacOS/AppleIntelBDWGraphicsMTLDriver
0x00000001282df000 	/private/var/folders/vd/gg4m48993cb6_6m4v7vr0kzc0000gp/T/jogamp_0000/file_cache/jln6462756834388256499/jln8883152087619449425/libgluegen-rt.jnilib
0x0000000129023000 	/private/var/folders/vd/gg4m48993cb6_6m4v7vr0kzc0000gp/T/jogamp_0000/file_cache/jln6462756834388256499/jln8883152087619449425/libnativewindow_awt.jnilib
0x000000017a2a0000 	/Library/Java/JavaVirtualMachines/jdk1.8.0_65.jdk/Contents/Home/jre/lib/libjawt.dylib
0x000000017a2a3000 	/private/var/folders/vd/gg4m48993cb6_6m4v7vr0kzc0000gp/T/jogamp_0000/file_cache/jln6462756834388256499/jln8883152087619449425/libnativewindow_macosx.jnilib
0x000000017aab3000 	/private/var/folders/vd/gg4m48993cb6_6m4v7vr0kzc0000gp/T/jogamp_0000/file_cache/jln6462756834388256499/jln8883152087619449425/libjogl_desktop.jnilib
0x000000017a350000 	/Library/Java/JavaVirtualMachines/jdk1.8.0_65.jdk/Contents/Home/jre/lib/libjpeg.dylib

VM Arguments:
jvm_args: -Djava.security.policy=java.policy.applet -Dfile.encoding=UTF-8 
java_command: sun.applet.AppletViewer module1.HelloWorld1451442822893.html
java_class_path (initial): /Users/shahrzadmn/Dropbox/Eclipse/UCSDUnfoldingMaps/build:/Users/shahrzadmn/Dropbox/Eclipse/UCSDUnfoldingMaps/lib/core.jar:/Users/shahrzadmn/Dropbox/Eclipse/UCSDUnfoldingMaps/lib/gluegen-rt.jar:/Users/shahrzadmn/Dropbox/Eclipse/UCSDUnfoldingMaps/lib/jogl-all.jar:/Users/shahrzadmn/Dropbox/Eclipse/UCSDUnfoldingMaps/lib/log4j-1.2.15.jar:/Users/shahrzadmn/Dropbox/Eclipse/UCSDUnfoldingMaps/lib/sqlite-jdbc-3.7.2.jar:/Users/shahrzadmn/Dropbox/Eclipse/UCSDUnfoldingMaps/lib/json4processing.jar:/Users/shahrzadmn/Dropbox/Eclipse/UCSDUnfoldingMaps/lib/libTUIO.jar:/Users/shahrzadmn/Dropbox/Eclipse/UCSDUnfoldingMaps/lib/unfolding.0.9.7-uscd.jar
Launcher Type: SUN_STANDARD

Environment Variables:
PATH=/usr/bin:/bin:/usr/sbin:/sbin
SHELL=/bin/bash

Signal Handlers:
SIGSEGV: [libjvm.dylib+0x5a6d31], sa_mask[0]=11111111011111110111111111111111, sa_flags=SA_ONSTACK|SA_RESTART|SA_SIGINFO
SIGBUS: [libjvm.dylib+0x5a6d31], sa_mask[0]=11111111011111110111111111111111, sa_flags=SA_RESTART|SA_SIGINFO
SIGFPE: [libjvm.dylib+0x480a40], sa_mask[0]=11111111011111110111111111111111, sa_flags=SA_RESTART|SA_SIGINFO
SIGPIPE: [libjvm.dylib+0x480a40], sa_mask[0]=11111111011111110111111111111111, sa_flags=SA_RESTART|SA_SIGINFO
SIGXFSZ: [libjvm.dylib+0x480a40], sa_mask[0]=11111111011111110111111111111111, sa_flags=SA_RESTART|SA_SIGINFO
SIGILL: [libjvm.dylib+0x480a40], sa_mask[0]=11111111011111110111111111111111, sa_flags=SA_RESTART|SA_SIGINFO
SIGUSR1: SIG_DFL, sa_mask[0]=00000000000000000000000000000000, sa_flags=none
SIGUSR2: [libjvm.dylib+0x48055e], sa_mask[0]=00100000000000000000000000000000, sa_flags=SA_RESTART|SA_SIGINFO
SIGHUP: [libjvm.dylib+0x47eb35], sa_mask[0]=11111111011111110111111111111111, sa_flags=SA_RESTART|SA_SIGINFO
SIGINT: [libjvm.dylib+0x47eb35], sa_mask[0]=11111111011111110111111111111111, sa_flags=SA_RESTART|SA_SIGINFO
SIGTERM: [libjvm.dylib+0x47eb35], sa_mask[0]=11111111011111110111111111111111, sa_flags=SA_RESTART|SA_SIGINFO
SIGQUIT: [libjvm.dylib+0x47eb35], sa_mask[0]=11111111011111110111111111111111, sa_flags=SA_RESTART|SA_SIGINFO


---------------  S Y S T E M  ---------------

OS:Bsduname:Darwin 15.2.0 Darwin Kernel Version 15.2.0: Fri Nov 13 19:56:56 PST 2015; root:xnu-3248.20.55~2/RELEASE_X86_64 x86_64
rlimit: STACK 8192k, CORE 0k, NPROC 709, NOFILE 10240, AS infinity
load average:2.96 2.83 2.24

CPU:total 4 (2 cores per cpu, 2 threads per core) family 6 model 61 stepping 4, cmov, cx8, fxsr, mmx, sse, sse2, sse3, ssse3, sse4.1, sse4.2, popcnt, avx, avx2, aes, clmul, erms, 3dnowpref, lzcnt, ht, tsc, tscinvbit, bmi1, bmi2, adx

Memory: 4k page, physical 16777216k(1040516k free)

/proc/meminfo:


vm_info: Java HotSpot(TM) 64-Bit Server VM (25.65-b01) for bsd-amd64 JRE (1.8.0_65-b17), built on Oct  6 2015 15:36:46 by "java_re" with gcc 4.2.1 (Based on Apple Inc. build 5658) (LLVM build 2336.11.00)

time: Tue Dec 29 21:34:59 2015
elapsed time: 76 seconds (0d 0h 1m 16s)

