#
# A fatal error has been detected by the Java Runtime Environment:
#
#  SIGSEGV (0xb) at pc=0x00007fff8b2be4dd, pid=6564, tid=2571
#
# JRE version: Java(TM) SE Runtime Environment (8.0_65-b17) (build 1.8.0_65-b17)
# Java VM: Java HotSpot(TM) 64-Bit Server VM (25.65-b01 mixed mode bsd-amd64 compressed oops)
# Problematic frame:
# C  [libobjc.A.dylib+0x14dd]  objc_msgSend+0x1d
#
# Failed to write core dump. Core dumps have been disabled. To enable core dumping, try "ulimit -c unlimited" before starting Java again
#
# If you would like to submit a bug report, please visit:
#   http://bugreport.java.com/bugreport/crash.jsp
# The crash happened outside the Java Virtual Machine in native code.
# See problematic frame for where to report the bug.
#

---------------  T H R E A D  ---------------

Current thread (0x00007fd52214a800):  JavaThread "AWT-AppKit" daemon [_thread_in_native, id=2571, stack(0x00007fff5280e000,0x00007fff5300e000)]

siginfo: si_signo: 11 (SIGSEGV), si_code: 1 (SEGV_MAPERR), si_addr: 0x0000000000000018

Registers:
RAX=0x00007fd5260e61b0, RBX=0x00000001814bb450, RCX=0x000000012b66f300, RDX=0x000000012b846ea0
RSP=0x00007fff53009358, RBP=0x00007fff53009410, RSI=0x00007fff89fb2d0e, RDI=0x00007fd521c7d750
R8 =0x0000000000000000, R9 =0x00000000000008c0, R10=0x00007fff89fb2d0e, R11=0x0000000000000000
R12=0x0000000000000000, R13=0x0000000185877c60, R14=0x00000001814bb440, R15=0x00007fd52214a800
RIP=0x00007fff8b2be4dd, EFLAGS=0x0000000000010246, ERR=0x0000000000000004
  TRAPNO=0x000000000000000e

Top of Stack: (sp=0x00007fff53009358)
0x00007fff53009358:   00000001814b9157 00007fff530093b0
0x00007fff53009368:   0000000000000003 00007fff53009390
0x00007fff53009378:   000000010d9f19a6 0000000185877c60
0x00007fff53009388:   0000000185877c60 00007fd5260e61b0
0x00007fff53009398:   00000001814bb6a0 00000001814bb710
0x00007fff530093a8:   00007fff7397c770 00007fff73bfe500
0x00007fff530093b8:   00000001814bb450 00000001814bb690
0x00007fff530093c8:   00007fd5260e61b0 00007fd521c7d750
0x00007fff530093d8:   00007fd521f2fee0 00007fd5260e61b0
0x00007fff530093e8:   00007fd521c7d750 00007fff53009498
0x00007fff530093f8:   00007fd52214a9f8 0000000185877c60
0x00007fff53009408:   00007fff530094c0 00007fff53009488
0x00007fff53009418:   000000010e79e954 0000000185877c60
0x00007fff53009428:   00007fff530094c0 00007fff53009488
0x00007fff53009438:   000000010e79e6e7 000000010e79e6a2
0x00007fff53009448:   00007fff53009448 0000000185877c60
0x00007fff53009458:   00007fff530094c0 000000018587a898
0x00007fff53009468:   0000000000000000 0000000185877c60
0x00007fff53009478:   0000000000000000 00007fff530094a8
0x00007fff53009488:   00007fff53009508 000000010e790c4d
0x00007fff53009498:   000000076f8a7888 000000010e798578
0x00007fff530094a8:   00007fd5260e61b0 00007fff53009508
0x00007fff530094b8:   00007fd521c7d750 000000010e799d82
0x00007fff530094c8:   00007fff530094c8 0000000185877e2a
0x00007fff530094d8:   00007fff53009530 000000018587a898
0x00007fff530094e8:   0000000000000000 0000000185877e38
0x00007fff530094f8:   00007fff530094a8 00007fff53009518
0x00007fff53009508:   00007fff53009578 000000010e790c4d
0x00007fff53009518:   00007fd5260e61b0 000000076f682478
0x00007fff53009528:   00007fd521c7d750 000000076f682478
0x00007fff53009538:   00007fff53009538 0000000187baaf4e
0x00007fff53009548:   00007fff53009588 0000000187bab008 

Instructions: (pc=0x00007fff8b2be4dd)
0x00007fff8b2be4bd:   44 00 00 48 85 ff 2e 74 62 40 f6 c7 01 2e 75 66
0x00007fff8b2be4cd:   49 bb f8 ff ff ff ff 7f 00 00 4c 23 1f 49 89 f2
0x00007fff8b2be4dd:   45 23 53 18 49 c1 e2 04 4d 03 53 10 49 3b 32 75
0x00007fff8b2be4ed:   04 41 ff 62 08 49 83 3a 01 76 0d 49 83 c2 10 49 

Register to memory mapping:

RAX=0x00007fd5260e61b0 is an unknown value
RBX=0x00000001814bb450: Java_jogamp_nativewindow_macosx_OSXUtil_GetScreenRefreshRate0+0x1cf0 in /private/var/folders/vd/gg4m48993cb6_6m4v7vr0kzc0000gp/T/jogamp_0000/file_cache/jln1931305925623470912/jln3147441491206657876/libnativewindow_macosx.jnilib at 0x00000001814b4000
RCX=0x000000012b66f300 is an unknown value
RDX=0x000000012b846ea0 is an unknown value
RSP=0x00007fff53009358 is pointing into the stack for thread: 0x00007fd52214a800
RBP=0x00007fff53009410 is pointing into the stack for thread: 0x00007fd52214a800
RSI=0x00007fff89fb2d0e is an unknown value
RDI=0x00007fd521c7d750 is an unknown value
R8 =0x0000000000000000 is an unknown value
R9 =0x00000000000008c0 is an unknown value
R10=0x00007fff89fb2d0e is an unknown value
R11=0x0000000000000000 is an unknown value
R12=0x0000000000000000 is an unknown value
R13={method} {0x0000000185877c60} 'UnsetJAWTRootSurfaceLayer0' '(JJ)V' in 'jogamp/nativewindow/jawt/macosx/MacOSXJAWTWindow'
R14=0x00000001814bb440: Java_jogamp_nativewindow_macosx_OSXUtil_GetScreenRefreshRate0+0x1ce0 in /private/var/folders/vd/gg4m48993cb6_6m4v7vr0kzc0000gp/T/jogamp_0000/file_cache/jln1931305925623470912/jln3147441491206657876/libnativewindow_macosx.jnilib at 0x00000001814b4000
R15=0x00007fd52214a800 is a thread


Stack: [0x00007fff5280e000,0x00007fff5300e000],  sp=0x00007fff53009358,  free space=8172k
Native frames: (J=compiled Java code, j=interpreted, Vv=VM code, C=native code)
C  [libobjc.A.dylib+0x14dd]  objc_msgSend+0x1d
j  jogamp.nativewindow.jawt.macosx.MacOSXJAWTWindow.UnsetJAWTRootSurfaceLayer0(JJ)V+0
j  jogamp.nativewindow.jawt.macosx.MacOSXJAWTWindow.access$200(JJ)V+2
j  jogamp.nativewindow.jawt.macosx.MacOSXJAWTWindow$1.run()V+38
J 2023 C1 com.jogamp.common.util.RunnableTask.run()V (345 bytes) @ 0x000000010ee6e014 [0x000000010ee6de80+0x194]
v  ~StubRoutines::call_stub
V  [libjvm.dylib+0x2eab02]
V  [libjvm.dylib+0x321bab]
V  [libjvm.dylib+0x31437f]
C  [libnativewindow_macosx.jnilib+0x5326]  Java_jogamp_nativewindow_jawt_macosx_MacOSXJAWTWindow_UnsetJAWTRootSurfaceLayer0+0x2b6
C  [Foundation+0x8dd4b]  __NSThreadPerformPerform+0x117
C  [CoreFoundation+0x7e5c1]  __CFRUNLOOP_IS_CALLING_OUT_TO_A_SOURCE0_PERFORM_FUNCTION__+0x11
C  [CoreFoundation+0x70397]  __CFRunLoopDoSources0+0x1a7
C  [CoreFoundation+0x6f93f]  __CFRunLoopRun+0x39f
C  [CoreFoundation+0x6f338]  CFRunLoopRunSpecific+0x128
C  [HIToolbox+0x30935]  RunCurrentEventLoopInMode+0xeb
C  [HIToolbox+0x30677]  ReceiveNextEventCommon+0xb8
C  [HIToolbox+0x305af]  _BlockUntilNextEventMatchingListInModeWithFilter+0x47
C  [AppKit+0x8a0ee]  _DPSNextEvent+0x42b
C  [AppKit+0x456943]  -[NSApplication _nextEventMatchingEventMask:untilDate:inMode:dequeue:]+0x1c6
C  [libosxapp.dylib+0x23aa]  -[NSApplicationAWT nextEventMatchingMask:untilDate:inMode:dequeue:]+0x7c
C  [AppKit+0x7ffc8]  -[NSApplication run]+0x2aa
C  [libosxapp.dylib+0x214d]  +[NSApplicationAWT runAWTLoopWithApp:]+0x9c
C  [libawt_lwawt.dylib+0x44517]  -[AWTStarter starter:]+0x389
C  [Foundation+0x8dd4b]  __NSThreadPerformPerform+0x117
C  [CoreFoundation+0x7e5c1]  __CFRUNLOOP_IS_CALLING_OUT_TO_A_SOURCE0_PERFORM_FUNCTION__+0x11
C  [CoreFoundation+0x7041c]  __CFRunLoopDoSources0+0x22c
C  [CoreFoundation+0x6f93f]  __CFRunLoopRun+0x39f
C  [CoreFoundation+0x6f338]  CFRunLoopRunSpecific+0x128
C  [java+0x6463]  CreateExecutionEnvironment+0x367
C  [java+0x21ac]  JLI_Launch+0x7a0
C  [java+0x84c0]  main+0x65
C  [java+0x1a04]  start+0x34
C  0x0000000000000007

Java frames: (J=compiled Java code, j=interpreted, Vv=VM code)
j  jogamp.nativewindow.jawt.macosx.MacOSXJAWTWindow.UnsetJAWTRootSurfaceLayer0(JJ)V+0
j  jogamp.nativewindow.jawt.macosx.MacOSXJAWTWindow.access$200(JJ)V+2
j  jogamp.nativewindow.jawt.macosx.MacOSXJAWTWindow$1.run()V+38
J 2023 C1 com.jogamp.common.util.RunnableTask.run()V (345 bytes) @ 0x000000010ee6e014 [0x000000010ee6de80+0x194]
v  ~StubRoutines::call_stub

---------------  P R O C E S S  ---------------

Java Threads: ( => current thread )
  0x00007fd523230800 JavaThread "Thread-48" [_thread_blocked, id=63279, stack(0x0000700000932000,0x0000700000a32000)]
  0x00007fd5228dc000 JavaThread "Keep-Alive-Timer" daemon [_thread_blocked, id=67863, stack(0x000070000230c000,0x000070000240c000)]
  0x00007fd522a9a800 JavaThread "Image Fetcher 2" daemon [_thread_blocked, id=69123, stack(0x0000700002615000,0x0000700002715000)]
  0x00007fd527000000 JavaThread "Image Fetcher 1" daemon [_thread_blocked, id=68675, stack(0x0000700002512000,0x0000700002612000)]
  0x00007fd5226bf000 JavaThread "Image Fetcher 0" daemon [_thread_blocked, id=68099, stack(0x000070000240f000,0x000070000250f000)]
  0x00007fd52244a800 JavaThread "Animation Thread" [_thread_blocked, id=59151, stack(0x000070000186b000,0x000070000196b000)]
  0x00007fd523b84000 JavaThread "AWT-EventQueue-1" [_thread_in_native, id=59435, stack(0x000070000196e000,0x0000700001a6e000)]
  0x00007fd523abf800 JavaThread "DestroyJavaVM" [_thread_blocked, id=5891, stack(0x000070000011a000,0x000070000021a000)]
  0x00007fd522257800 JavaThread "AWT-EventQueue-0" [_thread_blocked, id=54791, stack(0x0000700001768000,0x0000700001868000)]
  0x00007fd522215000 JavaThread "Java2D Disposer" daemon [_thread_blocked, id=53507, stack(0x00007000014df000,0x00007000015df000)]
  0x00007fd52391c000 JavaThread "Java2D Queue Flusher" daemon [_thread_blocked, id=50439, stack(0x00007000013dc000,0x00007000014dc000)]
  0x00007fd5238fc800 JavaThread "AWT-Shutdown" [_thread_blocked, id=30487, stack(0x0000700001150000,0x0000700001250000)]
=>0x00007fd52214a800 JavaThread "AWT-AppKit" daemon [_thread_in_native, id=2571, stack(0x00007fff5280e000,0x00007fff5300e000)]
  0x00007fd523811800 JavaThread "Service Thread" daemon [_thread_blocked, id=18691, stack(0x0000700000e44000,0x0000700000f44000)]
  0x00007fd52207c000 JavaThread "C1 CompilerThread2" daemon [_thread_blocked, id=18179, stack(0x0000700000d41000,0x0000700000e41000)]
  0x00007fd52283b800 JavaThread "C2 CompilerThread1" daemon [_thread_blocked, id=17667, stack(0x0000700000c3e000,0x0000700000d3e000)]
  0x00007fd522031800 JavaThread "C2 CompilerThread0" daemon [_thread_blocked, id=17155, stack(0x0000700000b3b000,0x0000700000c3b000)]
  0x00007fd523031000 JavaThread "Signal Dispatcher" daemon [_thread_blocked, id=13839, stack(0x0000700000a38000,0x0000700000b38000)]
  0x00007fd522800000 JavaThread "Finalizer" daemon [_thread_blocked, id=12291, stack(0x000070000082f000,0x000070000092f000)]
  0x00007fd522028800 JavaThread "Reference Handler" daemon [_thread_blocked, id=11779, stack(0x000070000072c000,0x000070000082c000)]

Other Threads:
  0x00007fd522026000 VMThread [stack: 0x0000700000629000,0x0000700000729000] [id=11267]
  0x00007fd523804000 WatcherThread [stack: 0x0000700000f47000,0x0000700001047000] [id=19203]

VM state:not at safepoint (normal execution)

VM Mutex/Monitor currently owned by a thread: None

Heap:
 PSYoungGen      total 76288K, used 25973K [0x000000076ab00000, 0x0000000770000000, 0x00000007c0000000)
  eden space 65536K, 23% used [0x000000076ab00000,0x000000076b9e4900,0x000000076eb00000)
  from space 10752K, 99% used [0x000000076f580000,0x000000076fff8dd0,0x0000000770000000)
  to   space 10752K, 0% used [0x000000076eb00000,0x000000076eb00000,0x000000076f580000)
 ParOldGen       total 175104K, used 13412K [0x00000006c0000000, 0x00000006cab00000, 0x000000076ab00000)
  object space 175104K, 7% used [0x00000006c0000000,0x00000006c0d19180,0x00000006cab00000)
 Metaspace       used 19084K, capacity 19259K, committed 19328K, reserved 1067008K
  class space    used 1869K, capacity 1918K, committed 1920K, reserved 1048576K

Card table byte_map: [0x000000011db49000,0x000000011e34a000] byte_map_base: 0x000000011a549000

Marking Bits: (ParMarkBitMap*) 0x000000010e0dee20
 Begin Bits: [0x000000011e8a0000, 0x00000001228a0000)
 End Bits:   [0x00000001228a0000, 0x00000001268a0000)

Polling page: 0x000000010ceb5000

CodeCache: size=245760Kb used=6618Kb max_used=7361Kb free=239141Kb
 bounds [0x000000010e789000, 0x000000010eec9000, 0x000000011d789000]
 total_blobs=2770 nmethods=1897 adapters=787
 compilation: enabled

Compilation events (10 events):
Event: 12.547 Thread 0x00007fd52207c000 2130       3       sun.awt.SunToolkit::postEvent (157 bytes)
Event: 12.550 Thread 0x00007fd52207c000 nmethod 2130 0x000000010ec3dd90 code [0x000000010ec3e140, 0x000000010ec40508]
Event: 12.550 Thread 0x00007fd52207c000 2131       3       sun.awt.AWTAccessor::getSequencedEventAccessor (4 bytes)
Event: 12.551 Thread 0x00007fd52207c000 nmethod 2131 0x000000010eae9390 code [0x000000010eae94e0, 0x000000010eae9630]
Event: 12.559 Thread 0x00007fd522031800 2132  s!   4       sun.misc.URLClassPath::getLoader (197 bytes)
Event: 12.559 Thread 0x00007fd52283b800 2133  s    4       sun.misc.URLClassPath::getNextLoader (88 bytes)
Event: 12.563 Thread 0x00007fd52207c000 2134       3       java.awt.geom.AffineTransform::getScaleY (5 bytes)
Event: 12.563 Thread 0x00007fd52207c000 nmethod 2134 0x000000010e899610 code [0x000000010e899760, 0x000000010e8998b0]
Event: 12.565 Thread 0x00007fd522031800 nmethod 2132 0x000000010eb1dcd0 code [0x000000010eb1de40, 0x000000010eb1e618]
Event: 12.567 Thread 0x00007fd52283b800 nmethod 2133 0x000000010ea3ddd0 code [0x000000010ea3df40, 0x000000010ea3e6b8]

GC Heap History (8 events):
Event: 2.305 GC heap before
{Heap before GC invocations=1 (full 0):
 PSYoungGen      total 76288K, used 65536K [0x000000076ab00000, 0x0000000770000000, 0x00000007c0000000)
  eden space 65536K, 100% used [0x000000076ab00000,0x000000076eb00000,0x000000076eb00000)
  from space 10752K, 0% used [0x000000076f580000,0x000000076f580000,0x0000000770000000)
  to   space 10752K, 0% used [0x000000076eb00000,0x000000076eb00000,0x000000076f580000)
 ParOldGen       total 175104K, used 0K [0x00000006c0000000, 0x00000006cab00000, 0x000000076ab00000)
  object space 175104K, 0% used [0x00000006c0000000,0x00000006c0000000,0x00000006cab00000)
 Metaspace       used 18107K, capacity 18283K, committed 18560K, reserved 1067008K
  class space    used 1838K, capacity 1916K, committed 1920K, reserved 1048576K
Event: 2.317 GC heap after
Heap after GC invocations=1 (full 0):
 PSYoungGen      total 76288K, used 10744K [0x000000076ab00000, 0x0000000770000000, 0x00000007c0000000)
  eden space 65536K, 0% used [0x000000076ab00000,0x000000076ab00000,0x000000076eb00000)
  from space 10752K, 99% used [0x000000076eb00000,0x000000076f57e070,0x000000076f580000)
  to   space 10752K, 0% used [0x000000076f580000,0x000000076f580000,0x0000000770000000)
 ParOldGen       total 175104K, used 3057K [0x00000006c0000000, 0x00000006cab00000, 0x000000076ab00000)
  object space 175104K, 1% used [0x00000006c0000000,0x00000006c02fc670,0x00000006cab00000)
 Metaspace       used 18107K, capacity 18283K, committed 18560K, reserved 1067008K
  class space    used 1838K, capacity 1916K, committed 1920K, reserved 1048576K
}
Event: 3.307 GC heap before
{Heap before GC invocations=2 (full 0):
 PSYoungGen      total 76288K, used 76280K [0x000000076ab00000, 0x0000000770000000, 0x00000007c0000000)
  eden space 65536K, 100% used [0x000000076ab00000,0x000000076eb00000,0x000000076eb00000)
  from space 10752K, 99% used [0x000000076eb00000,0x000000076f57e070,0x000000076f580000)
  to   space 10752K, 0% used [0x000000076f580000,0x000000076f580000,0x0000000770000000)
 ParOldGen       total 175104K, used 3057K [0x00000006c0000000, 0x00000006cab00000, 0x000000076ab00000)
  object space 175104K, 1% used [0x00000006c0000000,0x00000006c02fc670,0x00000006cab00000)
 Metaspace       used 18600K, capacity 18801K, committed 19072K, reserved 1067008K
  class space    used 1861K, capacity 1917K, committed 1920K, reserved 1048576K
Event: 3.318 GC heap after
Heap after GC invocations=2 (full 0):
 PSYoungGen      total 76288K, used 10741K [0x000000076ab00000, 0x0000000770000000, 0x00000007c0000000)
  eden space 65536K, 0% used [0x000000076ab00000,0x000000076ab00000,0x000000076eb00000)
  from space 10752K, 99% used [0x000000076f580000,0x000000076fffd4e0,0x0000000770000000)
  to   space 10752K, 0% used [0x000000076eb00000,0x000000076eb00000,0x000000076f580000)
 ParOldGen       total 175104K, used 9156K [0x00000006c0000000, 0x00000006cab00000, 0x000000076ab00000)
  object space 175104K, 5% used [0x00000006c0000000,0x00000006c08f13a0,0x00000006cab00000)
 Metaspace       used 18600K, capacity 18801K, committed 19072K, reserved 1067008K
  class space    used 1861K, capacity 1917K, committed 1920K, reserved 1048576K
}
Event: 6.512 GC heap before
{Heap before GC invocations=3 (full 0):
 PSYoungGen      total 76288K, used 76277K [0x000000076ab00000, 0x0000000770000000, 0x00000007c0000000)
  eden space 65536K, 100% used [0x000000076ab00000,0x000000076eb00000,0x000000076eb00000)
  from space 10752K, 99% used [0x000000076f580000,0x000000076fffd4e0,0x0000000770000000)
  to   space 10752K, 0% used [0x000000076eb00000,0x000000076eb00000,0x000000076f580000)
 ParOldGen       total 175104K, used 9156K [0x00000006c0000000, 0x00000006cab00000, 0x000000076ab00000)
  object space 175104K, 5% used [0x00000006c0000000,0x00000006c08f13a0,0x00000006cab00000)
 Metaspace       used 18808K, capacity 18993K, committed 19072K, reserved 1067008K
  class space    used 1861K, capacity 1917K, committed 1920K, reserved 1048576K
Event: 6.520 GC heap after
Heap after GC invocations=3 (full 0):
 PSYoungGen      total 76288K, used 10739K [0x000000076ab00000, 0x0000000770000000, 0x00000007c0000000)
  eden space 65536K, 0% used [0x000000076ab00000,0x000000076ab00000,0x000000076eb00000)
  from space 10752K, 99% used [0x000000076eb00000,0x000000076f57ce00,0x000000076f580000)
  to   space 10752K, 0% used [0x000000076f580000,0x000000076f580000,0x0000000770000000)
 ParOldGen       total 175104K, used 10300K [0x00000006c0000000, 0x00000006cab00000, 0x000000076ab00000)
  object space 175104K, 5% used [0x00000006c0000000,0x00000006c0a0f0c0,0x00000006cab00000)
 Metaspace       used 18808K, capacity 18993K, committed 19072K, reserved 1067008K
  class space    used 1861K, capacity 1917K, committed 1920K, reserved 1048576K
}
Event: 10.483 GC heap before
{Heap before GC invocations=4 (full 0):
 PSYoungGen      total 76288K, used 76275K [0x000000076ab00000, 0x0000000770000000, 0x00000007c0000000)
  eden space 65536K, 100% used [0x000000076ab00000,0x000000076eb00000,0x000000076eb00000)
  from space 10752K, 99% used [0x000000076eb00000,0x000000076f57ce00,0x000000076f580000)
  to   space 10752K, 0% used [0x000000076f580000,0x000000076f580000,0x0000000770000000)
 ParOldGen       total 175104K, used 10300K [0x00000006c0000000, 0x00000006cab00000, 0x000000076ab00000)
  object space 175104K, 5% used [0x00000006c0000000,0x00000006c0a0f0c0,0x00000006cab00000)
 Metaspace       used 18994K, capacity 19195K, committed 19328K, reserved 1067008K
  class space    used 1861K, capacity 1918K, committed 1920K, reserved 1048576K
Event: 10.492 GC heap after
Heap after GC invocations=4 (full 0):
 PSYoungGen      total 76288K, used 10723K [0x000000076ab00000, 0x0000000770000000, 0x00000007c0000000)
  eden space 65536K, 0% used [0x000000076ab00000,0x000000076ab00000,0x000000076eb00000)
  from space 10752K, 99% used [0x000000076f580000,0x000000076fff8dd0,0x0000000770000000)
  to   space 10752K, 0% used [0x000000076eb00000,0x000000076eb00000,0x000000076f580000)
 ParOldGen       total 175104K, used 13412K [0x00000006c0000000, 0x00000006cab00000, 0x000000076ab00000)
  object space 175104K, 7% used [0x00000006c0000000,0x00000006c0d19180,0x00000006cab00000)
 Metaspace       used 18994K, capacity 19195K, committed 19328K, reserved 1067008K
  class space    used 1861K, capacity 1918K, committed 1920K, reserved 1048576K
}

Deoptimization events (6 events):
Event: 1.381 Thread 0x00007fd52244a800 Uncommon trap: reason=unstable_if action=reinterpret pc=0x000000010e93ce98 method=java.lang.String.indexOf([CII[CIII)I @ 3
Event: 2.132 Thread 0x00007fd523b84000 Uncommon trap: reason=unstable_if action=reinterpret pc=0x000000010e928dac method=java.lang.AbstractStringBuilder.append(Ljava/lang/String;)Ljava/lang/AbstractStringBuilder; @ 1
Event: 7.532 Thread 0x00007fd523b84000 Uncommon trap: reason=unstable_if action=reinterpret pc=0x000000010ed8a6b0 method=processing.opengl.PGraphicsOpenGL$TessGeometry.polyVertexCheck(I)V @ 15
Event: 12.532 Thread 0x00007fd523b84000 Uncommon trap: reason=unstable_if action=reinterpret pc=0x000000010ec4aaa8 method=com.jogamp.common.util.VersionNumber.compareTo(Lcom/jogamp/common/util/VersionNumber;)I @ 21
Event: 12.546 Thread 0x00007fd522201800 Uncommon trap: reason=unstable_if action=reinterpret pc=0x000000010e922904 method=java.util.HashMap.putVal(ILjava/lang/Object;Ljava/lang/Object;ZZ)Ljava/lang/Object; @ 81
Event: 12.561 Thread 0x00007fd523b84000 Uncommon trap: reason=unstable_if action=reinterpret pc=0x000000010eec4614 method=java.security.AccessControlContext.optimize()Ljava/security/AccessControlContext; @ 233

Internal exceptions (10 events):
Event: 0.145 Thread 0x00007fd522806800 Exception <a 'java/lang/NoSuchFieldError': method resolution failed> (0x000000076aeed510) thrown at [/Users/java_re/workspace/8-2-build-macosx-x86_64/jdk8u65/4987/hotspot/src/share/vm/prims/methodHandles.cpp, line 1146]
Event: 0.148 Thread 0x00007fd522806800 Exception <a 'java/lang/NoSuchFieldError': method resolution failed> (0x000000076aeface0) thrown at [/Users/java_re/workspace/8-2-build-macosx-x86_64/jdk8u65/4987/hotspot/src/share/vm/prims/methodHandles.cpp, line 1146]
Event: 0.301 Thread 0x00007fd522806800 Exception <a 'java/io/FileNotFoundException'> (0x000000076af76c38) thrown at [/Users/java_re/workspace/8-2-build-macosx-x86_64/jdk8u65/4987/hotspot/src/share/vm/prims/jni.cpp, line 709]
Event: 0.301 Thread 0x00007fd522806800 Exception <a 'java/io/FileNotFoundException'> (0x000000076af777a0) thrown at [/Users/java_re/workspace/8-2-build-macosx-x86_64/jdk8u65/4987/hotspot/src/share/vm/prims/jni.cpp, line 709]
Event: 0.385 Thread 0x00007fd522806800 Exception <a 'java/io/FileNotFoundException'> (0x000000076b00c448) thrown at [/Users/java_re/workspace/8-2-build-macosx-x86_64/jdk8u65/4987/hotspot/src/share/vm/prims/jni.cpp, line 709]
Event: 1.400 Thread 0x00007fd52244a800 Exception <a 'java/lang/UnsatisfiedLinkError': com.jogamp.common.util.JarUtil.fixNativeLibAttribs(Ljava/lang/String;)Z> (0x000000076c744c78) thrown at [/Users/java_re/workspace/8-2-build-macosx-x86_64/jdk8u65/4987/hotspot/src/share/vm/prims/nativeLookup.c
Event: 2.132 Thread 0x00007fd523b84000 Exception <a 'java/io/FileNotFoundException'> (0x000000076d817aa8) thrown at [/Users/java_re/workspace/8-2-build-macosx-x86_64/jdk8u65/4987/hotspot/src/share/vm/prims/jni.cpp, line 709]
Event: 2.132 Thread 0x00007fd523b84000 Exception <a 'java/io/FileNotFoundException'> (0x000000076d81dce0) thrown at [/Users/java_re/workspace/8-2-build-macosx-x86_64/jdk8u65/4987/hotspot/src/share/vm/prims/jni.cpp, line 709]
Event: 2.132 Thread 0x00007fd523b84000 Implicit null exception at 0x000000010e928a35 to 0x000000010e928d99
Event: 2.320 Thread 0x00007fd522800000 Exception <a 'java/lang/NullPointerException'> (0x000000076ad09cf0) thrown at [/Users/java_re/workspace/8-2-build-macosx-x86_64/jdk8u65/4987/hotspot/src/share/vm/interpreter/linkResolver.cpp, line 1178]

Events (10 events):
Event: 12.561 Thread 0x00007fd523b84000 DEOPT UNPACKING pc=0x000000010e78e229 sp=0x0000700001a6b760 mode 2
Event: 12.561 loading class java/awt/LightweightDispatcher$2
Event: 12.561 loading class java/awt/LightweightDispatcher$2 done
Event: 12.561 loading class java/awt/event/AWTEventListenerProxy
Event: 12.561 loading class java/awt/event/AWTEventListenerProxy done
Event: 12.561 loading class java/awt/Toolkit$ToolkitEventMulticaster
Event: 12.561 loading class java/awt/Toolkit$ToolkitEventMulticaster done
Event: 12.562 Thread 0x00007fd522201800 Thread exited: 0x00007fd522201800
Event: 12.564 loading class java/awt/Window$1DisposeAction
Event: 12.564 loading class java/awt/Window$1DisposeAction done


Dynamic libraries:
0x000000000074b000 	/System/Library/Frameworks/Cocoa.framework/Versions/A/Cocoa
0x000000000074b000 	/System/Library/Frameworks/Security.framework/Versions/A/Security
0x000000000074b000 	/System/Library/Frameworks/ApplicationServices.framework/Versions/A/ApplicationServices
0x000000000074b000 	/usr/lib/libz.1.dylib
0x000000000074b000 	/usr/lib/libSystem.B.dylib
0x000000000074b000 	/usr/lib/libobjc.A.dylib
0x000000000074b000 	/System/Library/Frameworks/CoreFoundation.framework/Versions/A/CoreFoundation
0x000000000074b000 	/System/Library/Frameworks/Foundation.framework/Versions/C/Foundation
0x000000000074b000 	/System/Library/Frameworks/AppKit.framework/Versions/C/AppKit
0x000000000074b000 	/System/Library/Frameworks/CoreData.framework/Versions/A/CoreData
0x000000000074b000 	/System/Library/PrivateFrameworks/RemoteViewServices.framework/Versions/A/RemoteViewServices
0x000000000074b000 	/System/Library/PrivateFrameworks/UIFoundation.framework/Versions/A/UIFoundation
0x000000000074b000 	/usr/lib/libScreenReader.dylib
0x000000000074b000 	/System/Library/Frameworks/Accelerate.framework/Versions/A/Accelerate
0x000000000074b000 	/System/Library/Frameworks/IOSurface.framework/Versions/A/IOSurface
0x000000000074b000 	/System/Library/Frameworks/AudioToolbox.framework/Versions/A/AudioToolbox
0x000000000074b000 	/System/Library/Frameworks/AudioUnit.framework/Versions/A/AudioUnit
0x000000000074b000 	/System/Library/PrivateFrameworks/DataDetectorsCore.framework/Versions/A/DataDetectorsCore
0x000000000074b000 	/System/Library/PrivateFrameworks/DesktopServicesPriv.framework/Versions/A/DesktopServicesPriv
0x000000000074b000 	/System/Library/Frameworks/Carbon.framework/Versions/A/Frameworks/HIToolbox.framework/Versions/A/HIToolbox
0x000000000074b000 	/System/Library/Frameworks/QuartzCore.framework/Versions/A/QuartzCore
0x000000000074b000 	/System/Library/Frameworks/Carbon.framework/Versions/A/Frameworks/SpeechRecognition.framework/Versions/A/SpeechRecognition
0x000000000074b000 	/usr/lib/libauto.dylib
0x000000000074b000 	/usr/lib/libicucore.A.dylib
0x000000000074b000 	/usr/lib/libxml2.2.dylib
0x000000000074b000 	/System/Library/PrivateFrameworks/CoreUI.framework/Versions/A/CoreUI
0x000000000074b000 	/System/Library/Frameworks/CoreAudio.framework/Versions/A/CoreAudio
0x000000000074b000 	/System/Library/Frameworks/DiskArbitration.framework/Versions/A/DiskArbitration
0x000000000074b000 	/usr/lib/liblangid.dylib
0x000000000074b000 	/System/Library/PrivateFrameworks/MultitouchSupport.framework/Versions/A/MultitouchSupport
0x000000000074b000 	/System/Library/Frameworks/IOKit.framework/Versions/A/IOKit
0x000000000074b000 	/usr/lib/libDiagnosticMessagesClient.dylib
0x000000000074b000 	/System/Library/Frameworks/CoreServices.framework/Versions/A/CoreServices
0x000000000074b000 	/System/Library/PrivateFrameworks/PerformanceAnalysis.framework/Versions/A/PerformanceAnalysis
0x000000000074b000 	/System/Library/PrivateFrameworks/GenerationalStorage.framework/Versions/A/GenerationalStorage
0x000000000074b000 	/System/Library/Frameworks/OpenGL.framework/Versions/A/OpenGL
0x000000000074b000 	/System/Library/PrivateFrameworks/Sharing.framework/Versions/A/Sharing
0x000000000074b000 	/System/Library/Frameworks/CoreGraphics.framework/Versions/A/CoreGraphics
0x000000000074b000 	/System/Library/Frameworks/CoreImage.framework/Versions/A/CoreImage
0x000000000074b000 	/System/Library/Frameworks/CoreText.framework/Versions/A/CoreText
0x000000000074b000 	/System/Library/Frameworks/ImageIO.framework/Versions/A/ImageIO
0x000000000074b000 	/System/Library/PrivateFrameworks/Backup.framework/Versions/A/Backup
0x000000000074b000 	/usr/lib/libextension.dylib
0x000000000074b000 	/usr/lib/libarchive.2.dylib
0x000000000074b000 	/System/Library/Frameworks/CFNetwork.framework/Versions/A/CFNetwork
0x000000000074b000 	/System/Library/Frameworks/SystemConfiguration.framework/Versions/A/SystemConfiguration
0x000000000074b000 	/usr/lib/libCRFSuite.dylib
0x000000000074b000 	/usr/lib/libc++.1.dylib
0x000000000074b000 	/usr/lib/libc++abi.dylib
0x000000000074b000 	/usr/lib/system/libcache.dylib
0x000000000074b000 	/usr/lib/system/libcommonCrypto.dylib
0x000000000074b000 	/usr/lib/system/libcompiler_rt.dylib
0x000000000074b000 	/usr/lib/system/libcopyfile.dylib
0x000000000074b000 	/usr/lib/system/libcorecrypto.dylib
0x000000000074b000 	/usr/lib/system/libdispatch.dylib
0x000000000074b000 	/usr/lib/system/libdyld.dylib
0x000000000074b000 	/usr/lib/system/libkeymgr.dylib
0x000000000074b000 	/usr/lib/system/liblaunch.dylib
0x000000000074b000 	/usr/lib/system/libmacho.dylib
0x000000000074b000 	/usr/lib/system/libquarantine.dylib
0x000000000074b000 	/usr/lib/system/libremovefile.dylib
0x000000000074b000 	/usr/lib/system/libsystem_asl.dylib
0x000000000074b000 	/usr/lib/system/libsystem_blocks.dylib
0x000000000074b000 	/usr/lib/system/libsystem_c.dylib
0x000000000074b000 	/usr/lib/system/libsystem_configuration.dylib
0x000000000074b000 	/usr/lib/system/libsystem_coreservices.dylib
0x000000000074b000 	/usr/lib/system/libsystem_coretls.dylib
0x000000000074b000 	/usr/lib/system/libsystem_dnssd.dylib
0x000000000074b000 	/usr/lib/system/libsystem_info.dylib
0x000000000074b000 	/usr/lib/system/libsystem_kernel.dylib
0x000000000074b000 	/usr/lib/system/libsystem_m.dylib
0x000000000074b000 	/usr/lib/system/libsystem_malloc.dylib
0x000000000074b000 	/usr/lib/system/libsystem_network.dylib
0x000000000074b000 	/usr/lib/system/libsystem_networkextension.dylib
0x000000000074b000 	/usr/lib/system/libsystem_notify.dylib
0x000000000074b000 	/usr/lib/system/libsystem_platform.dylib
0x000000000074b000 	/usr/lib/system/libsystem_pthread.dylib
0x000000000074b000 	/usr/lib/system/libsystem_sandbox.dylib
0x000000000074b000 	/usr/lib/system/libsystem_secinit.dylib
0x000000000074b000 	/usr/lib/system/libsystem_trace.dylib
0x000000000074b000 	/usr/lib/system/libunc.dylib
0x000000000074b000 	/usr/lib/system/libunwind.dylib
0x000000000074b000 	/usr/lib/system/libxpc.dylib
0x000000000074b000 	/usr/lib/libenergytrace.dylib
0x000000000074b000 	/usr/lib/libbsm.0.dylib
0x000000000074b000 	/usr/lib/system/libkxld.dylib
0x000000000074b000 	/usr/lib/libxar.1.dylib
0x000000000074b000 	/usr/lib/libsqlite3.dylib
0x000000000074b000 	/usr/lib/libpam.2.dylib
0x000000000074b000 	/usr/lib/libOpenScriptingUtil.dylib
0x000000000074b000 	/usr/lib/libbz2.1.0.dylib
0x000000000074b000 	/usr/lib/liblzma.5.dylib
0x000000000074b000 	/System/Library/Frameworks/CoreServices.framework/Versions/A/Frameworks/FSEvents.framework/Versions/A/FSEvents
0x000000000074b000 	/System/Library/Frameworks/CoreServices.framework/Versions/A/Frameworks/CarbonCore.framework/Versions/A/CarbonCore
0x000000000074b000 	/System/Library/Frameworks/CoreServices.framework/Versions/A/Frameworks/Metadata.framework/Versions/A/Metadata
0x000000000074b000 	/System/Library/Frameworks/CoreServices.framework/Versions/A/Frameworks/OSServices.framework/Versions/A/OSServices
0x000000000074b000 	/System/Library/Frameworks/CoreServices.framework/Versions/A/Frameworks/SearchKit.framework/Versions/A/SearchKit
0x000000000074b000 	/System/Library/Frameworks/CoreServices.framework/Versions/A/Frameworks/AE.framework/Versions/A/AE
0x000000000074b000 	/System/Library/Frameworks/CoreServices.framework/Versions/A/Frameworks/LaunchServices.framework/Versions/A/LaunchServices
0x000000000074b000 	/System/Library/Frameworks/CoreServices.framework/Versions/A/Frameworks/DictionaryServices.framework/Versions/A/DictionaryServices
0x000000000074b000 	/System/Library/Frameworks/CoreServices.framework/Versions/A/Frameworks/SharedFileList.framework/Versions/A/SharedFileList
0x000000000074b000 	/System/Library/Frameworks/NetFS.framework/Versions/A/NetFS
0x000000000074b000 	/System/Library/PrivateFrameworks/NetAuth.framework/Versions/A/NetAuth
0x000000000074b000 	/System/Library/PrivateFrameworks/login.framework/Versions/A/Frameworks/loginsupport.framework/Versions/A/loginsupport
0x000000000074b000 	/System/Library/PrivateFrameworks/TCC.framework/Versions/A/TCC
0x000000000074b000 	/usr/lib/libmecabra.dylib
0x000000000074b000 	/System/Library/Frameworks/ApplicationServices.framework/Versions/A/Frameworks/ATS.framework/Versions/A/ATS
0x000000000074b000 	/System/Library/Frameworks/ApplicationServices.framework/Versions/A/Frameworks/ColorSync.framework/Versions/A/ColorSync
0x000000000074b000 	/System/Library/Frameworks/ApplicationServices.framework/Versions/A/Frameworks/HIServices.framework/Versions/A/HIServices
0x000000000074b000 	/System/Library/Frameworks/ApplicationServices.framework/Versions/A/Frameworks/LangAnalysis.framework/Versions/A/LangAnalysis
0x000000000074b000 	/System/Library/Frameworks/ApplicationServices.framework/Versions/A/Frameworks/PrintCore.framework/Versions/A/PrintCore
0x000000000074b000 	/System/Library/Frameworks/ApplicationServices.framework/Versions/A/Frameworks/QD.framework/Versions/A/QD
0x000000000074b000 	/System/Library/Frameworks/ApplicationServices.framework/Versions/A/Frameworks/SpeechSynthesis.framework/Versions/A/SpeechSynthesis
0x000000000074b000 	/System/Library/Frameworks/Metal.framework/Versions/A/Metal
0x000000000074b000 	/System/Library/Frameworks/Accelerate.framework/Versions/A/Frameworks/vImage.framework/Versions/A/vImage
0x000000000074b000 	/System/Library/Frameworks/Accelerate.framework/Versions/A/Frameworks/vecLib.framework/Versions/A/vecLib
0x000000000074b000 	/System/Library/Frameworks/Accelerate.framework/Versions/A/Frameworks/vecLib.framework/Versions/A/libvDSP.dylib
0x000000000074b000 	/System/Library/Frameworks/Accelerate.framework/Versions/A/Frameworks/vecLib.framework/Versions/A/libvMisc.dylib
0x000000000074b000 	/System/Library/Frameworks/Accelerate.framework/Versions/A/Frameworks/vecLib.framework/Versions/A/libLAPACK.dylib
0x000000000074b000 	/System/Library/Frameworks/Accelerate.framework/Versions/A/Frameworks/vecLib.framework/Versions/A/libBLAS.dylib
0x000000000074b000 	/System/Library/Frameworks/Accelerate.framework/Versions/A/Frameworks/vecLib.framework/Versions/A/libLinearAlgebra.dylib
0x000000000074b000 	/System/Library/Frameworks/Accelerate.framework/Versions/A/Frameworks/vecLib.framework/Versions/A/libSparseBLAS.dylib
0x000000000074b000 	/System/Library/PrivateFrameworks/GPUCompiler.framework/libmetal_timestamp.dylib
0x000000000074b000 	/System/Library/Frameworks/OpenGL.framework/Versions/A/Libraries/libCoreFSCache.dylib
0x000000000074b000 	/System/Library/PrivateFrameworks/IOAccelerator.framework/Versions/A/IOAccelerator
0x000000000074b000 	/System/Library/Frameworks/ApplicationServices.framework/Versions/A/Frameworks/ATS.framework/Versions/A/Resources/libFontParser.dylib
0x000000000074b000 	/System/Library/Frameworks/ApplicationServices.framework/Versions/A/Frameworks/ATS.framework/Versions/A/Resources/libFontRegistry.dylib
0x000000000074b000 	/System/Library/PrivateFrameworks/AppleVPA.framework/Versions/A/AppleVPA
0x000000000074b000 	/System/Library/PrivateFrameworks/AppleJPEG.framework/Versions/A/AppleJPEG
0x000000000074b000 	/System/Library/Frameworks/ImageIO.framework/Versions/A/Resources/libJPEG.dylib
0x000000000074b000 	/System/Library/Frameworks/ImageIO.framework/Versions/A/Resources/libTIFF.dylib
0x000000000074b000 	/System/Library/Frameworks/ImageIO.framework/Versions/A/Resources/libPng.dylib
0x000000000074b000 	/System/Library/Frameworks/ImageIO.framework/Versions/A/Resources/libGIF.dylib
0x000000000074b000 	/System/Library/Frameworks/ImageIO.framework/Versions/A/Resources/libJP2.dylib
0x000000000074b000 	/System/Library/Frameworks/ImageIO.framework/Versions/A/Resources/libRadiance.dylib
0x000000000074b000 	/System/Library/Frameworks/CoreVideo.framework/Versions/A/CoreVideo
0x000000000074b000 	/System/Library/Frameworks/OpenGL.framework/Versions/A/Libraries/libGLU.dylib
0x000000000074b000 	/System/Library/Frameworks/OpenGL.framework/Versions/A/Libraries/libGFXShared.dylib
0x000000000074b000 	/System/Library/Frameworks/OpenGL.framework/Versions/A/Libraries/libGL.dylib
0x000000000074b000 	/System/Library/Frameworks/OpenGL.framework/Versions/A/Libraries/libGLImage.dylib
0x000000000074b000 	/System/Library/Frameworks/OpenGL.framework/Versions/A/Libraries/libCVMSPluginSupport.dylib
0x000000000074b000 	/System/Library/Frameworks/OpenGL.framework/Versions/A/Libraries/libCoreVMClient.dylib
0x000000000074b000 	/usr/lib/libcups.2.dylib
0x000000000074b000 	/System/Library/Frameworks/Kerberos.framework/Versions/A/Kerberos
0x000000000074b000 	/System/Library/Frameworks/GSS.framework/Versions/A/GSS
0x000000000074b000 	/usr/lib/libresolv.9.dylib
0x000000000074b000 	/usr/lib/libiconv.2.dylib
0x000000000074b000 	/System/Library/PrivateFrameworks/Heimdal.framework/Versions/A/Heimdal
0x000000000074b000 	/usr/lib/libheimdal-asn1.dylib
0x000000000074b000 	/System/Library/Frameworks/OpenDirectory.framework/Versions/A/OpenDirectory
0x000000000074b000 	/System/Library/PrivateFrameworks/CommonAuth.framework/Versions/A/CommonAuth
0x000000000074b000 	/System/Library/Frameworks/OpenDirectory.framework/Versions/A/Frameworks/CFOpenDirectory.framework/Versions/A/CFOpenDirectory
0x000000000074b000 	/System/Library/Frameworks/SecurityFoundation.framework/Versions/A/SecurityFoundation
0x000000000074b000 	/System/Library/PrivateFrameworks/LanguageModeling.framework/Versions/A/LanguageModeling
0x000000000074b000 	/usr/lib/libmarisa.dylib
0x000000000074b000 	/usr/lib/libChineseTokenizer.dylib
0x000000000074b000 	/usr/lib/libcmph.dylib
0x000000000074b000 	/usr/lib/libcompression.dylib
0x000000000074b000 	/System/Library/Frameworks/ServiceManagement.framework/Versions/A/ServiceManagement
0x000000000074b000 	/usr/lib/libxslt.1.dylib
0x000000000074b000 	/System/Library/Frameworks/Carbon.framework/Versions/A/Frameworks/Ink.framework/Versions/A/Ink
0x000000000074b000 	/usr/lib/libFosl_dynamic.dylib
0x000000000074b000 	/System/Library/PrivateFrameworks/FaceCore.framework/Versions/A/FaceCore
0x000000000074b000 	/System/Library/Frameworks/OpenCL.framework/Versions/A/OpenCL
0x000000000074b000 	/System/Library/PrivateFrameworks/CrashReporterSupport.framework/Versions/A/CrashReporterSupport
0x000000000074b000 	/System/Library/PrivateFrameworks/IconServices.framework/Versions/A/IconServices
0x000000000074b000 	/System/Library/PrivateFrameworks/Apple80211.framework/Versions/A/Apple80211
0x000000000074b000 	/System/Library/Frameworks/CoreWLAN.framework/Versions/A/CoreWLAN
0x000000000074b000 	/System/Library/Frameworks/IOBluetooth.framework/Versions/A/IOBluetooth
0x000000000074b000 	/System/Library/PrivateFrameworks/CoreWiFi.framework/Versions/A/CoreWiFi
0x000000000074b000 	/System/Library/Frameworks/CoreBluetooth.framework/Versions/A/CoreBluetooth
0x000000000074b000 	/System/Library/PrivateFrameworks/ChunkingLibrary.framework/Versions/A/ChunkingLibrary
0x000000000074b000 	/System/Library/PrivateFrameworks/DebugSymbols.framework/Versions/A/DebugSymbols
0x000000000074b000 	/System/Library/PrivateFrameworks/CoreSymbolication.framework/Versions/A/CoreSymbolication
0x000000000074b000 	/System/Library/PrivateFrameworks/Symbolication.framework/Versions/A/Symbolication
0x000000000074b000 	/System/Library/PrivateFrameworks/SpeechRecognitionCore.framework/Versions/A/SpeechRecognitionCore
0x000000010d800000 	/Library/Java/JavaVirtualMachines/jdk1.8.0_65.jdk/Contents/Home/jre/lib/server/libjvm.dylib
0x000000000074b000 	/usr/lib/libstdc++.6.dylib
0x000000010ce72000 	/Library/Java/JavaVirtualMachines/jdk1.8.0_65.jdk/Contents/Home/jre/lib/libverify.dylib
0x000000010ce80000 	/Library/Java/JavaVirtualMachines/jdk1.8.0_65.jdk/Contents/Home/jre/lib/libjava.dylib
0x000000010cebf000 	/Library/Java/JavaVirtualMachines/jdk1.8.0_65.jdk/Contents/Home/jre/lib/libzip.dylib
0x0000000128a9a000 	/System/Library/Frameworks/JavaVM.framework/Frameworks/JavaRuntimeSupport.framework/JavaRuntimeSupport
0x0000000128ab5000 	/System/Library/Frameworks/JavaVM.framework/Versions/A/Frameworks/JavaNativeFoundation.framework/Versions/A/JavaNativeFoundation
0x000000010cfed000 	/System/Library/Frameworks/JavaVM.framework/Versions/A/JavaVM
0x000000000074b000 	/System/Library/Frameworks/Carbon.framework/Versions/A/Carbon
0x0000000128aca000 	/System/Library/PrivateFrameworks/JavaLaunching.framework/Versions/A/JavaLaunching
0x000000000074b000 	/System/Library/Frameworks/Carbon.framework/Versions/A/Frameworks/CommonPanels.framework/Versions/A/CommonPanels
0x000000000074b000 	/System/Library/Frameworks/Carbon.framework/Versions/A/Frameworks/Help.framework/Versions/A/Help
0x000000000074b000 	/System/Library/Frameworks/Carbon.framework/Versions/A/Frameworks/ImageCapture.framework/Versions/A/ImageCapture
0x000000000074b000 	/System/Library/Frameworks/Carbon.framework/Versions/A/Frameworks/OpenScripting.framework/Versions/A/OpenScripting
0x000000000074b000 	/System/Library/Frameworks/Carbon.framework/Versions/A/Frameworks/Print.framework/Versions/A/Print
0x000000000074b000 	/System/Library/Frameworks/Carbon.framework/Versions/A/Frameworks/SecurityHI.framework/Versions/A/SecurityHI
0x000000012a3e7000 	/Library/Java/JavaVirtualMachines/jdk1.8.0_65.jdk/Contents/Home/jre/lib/libawt.dylib
0x000000012a48f000 	/Library/Java/JavaVirtualMachines/jdk1.8.0_65.jdk/Contents/Home/jre/lib/./libmlib_image.dylib
0x000000012a55b000 	/Library/Java/JavaVirtualMachines/jdk1.8.0_65.jdk/Contents/Home/jre/lib/libawt_lwawt.dylib
0x000000012a610000 	/Library/Java/JavaVirtualMachines/jdk1.8.0_65.jdk/Contents/Home/jre/lib/./libosxapp.dylib
0x000000000074b000 	/System/Library/Frameworks/ExceptionHandling.framework/Versions/A/ExceptionHandling
0x000000000074b000 	/System/Library/PrivateFrameworks/CoreServicesInternal.framework/Versions/A/CoreServicesInternal
0x000000000074b000 	/System/Library/Frameworks/CoreGraphics.framework/Versions/A/Resources/libRIP.A.dylib
0x000000000074b000 	/System/Library/Frameworks/Accelerate.framework/Versions/A/Frameworks/vImage.framework/Versions/A/Libraries/libCGInterfaces.dylib
0x000000000074b000 	/System/Library/Frameworks/CoreGraphics.framework/Versions/A/Resources/libCGXType.A.dylib
0x000000000074b000 	/System/Library/Frameworks/OpenCL.framework/Versions/A/Libraries/libcldcpuengine.dylib
0x000000000074b000 	/System/Library/PrivateFrameworks/DiskImages.framework/Versions/A/DiskImages
0x000000000074b000 	/System/Library/Frameworks/DiscRecording.framework/Versions/A/DiscRecording
0x000000000074b000 	/usr/lib/libcsfde.dylib
0x000000000074b000 	/usr/lib/libcurl.4.dylib
0x000000000074b000 	/System/Library/PrivateFrameworks/MediaKit.framework/Versions/A/MediaKit
0x000000000074b000 	/System/Library/PrivateFrameworks/ProtectedCloudStorage.framework/Versions/A/ProtectedCloudStorage
0x000000000074b000 	/usr/lib/libCoreStorage.dylib
0x000000000074b000 	/System/Library/PrivateFrameworks/EFILogin.framework/Versions/A/EFILogin
0x000000000074b000 	/usr/lib/libutil.dylib
0x000000000074b000 	/System/Library/PrivateFrameworks/FindMyDevice.framework/Versions/A/FindMyDevice
0x000000000074b000 	/System/Library/Frameworks/LDAP.framework/Versions/A/LDAP
0x000000000074b000 	/usr/lib/libsasl2.2.dylib
0x000000000074b000 	/System/Library/PrivateFrameworks/CoreDaemon.framework/Versions/B/CoreDaemon
0x000000000074b000 	/usr/lib/libcrypto.0.9.8.dylib
0x000000000074b000 	/System/Library/PrivateFrameworks/AppleSRP.framework/Versions/A/AppleSRP
0x000000000074b000 	/System/Library/PrivateFrameworks/TrustEvaluationAgent.framework/Versions/A/TrustEvaluationAgent
0x000000012c26e000 	cl_kernels
0x000000000074b000 	/System/Library/Frameworks/OpenCL.framework/Versions/A/Libraries/ImageFormats/unorm8_bgra.dylib
0x000000000074b000 	/System/Library/Frameworks/OpenCL.framework/Versions/A/Libraries/ImageFormats/unorm8_rgba.dylib
0x000000000074b000 	/System/Library/PrivateFrameworks/FamilyControls.framework/Versions/A/FamilyControls
0x000000000074b000 	/System/Library/PrivateFrameworks/CommerceKit.framework/Versions/A/Frameworks/CommerceCore.framework/Versions/A/CommerceCore
0x000000000074b000 	/System/Library/PrivateFrameworks/SystemAdministration.framework/Versions/A/SystemAdministration
0x000000000074b000 	/System/Library/PrivateFrameworks/AppContainer.framework/Versions/A/AppContainer
0x000000000074b000 	/System/Library/PrivateFrameworks/SecCodeWrapper.framework/Versions/A/SecCodeWrapper
0x000000000074b000 	/System/Library/Frameworks/DirectoryService.framework/Versions/A/DirectoryService
0x000000000074b000 	/System/Library/PrivateFrameworks/LoginUIKit.framework/Versions/A/Frameworks/LoginUICore.framework/Versions/A/LoginUICore
0x000000000074b000 	/usr/lib/libodfde.dylib
0x000000000074b000 	/System/Library/Frameworks/OpenGL.framework/Versions/A/Resources/GLEngine.bundle/GLEngine
0x000000000074b000 	/System/Library/Frameworks/OpenGL.framework/Versions/A/Libraries/libGLProgrammability.dylib
0x000000012d36c000 	/System/Library/Extensions/AppleIntelBDWGraphicsGLDriver.bundle/Contents/MacOS/AppleIntelBDWGraphicsGLDriver
0x000000000074b000 	/System/Library/PrivateFrameworks/GPUSupport.framework/Versions/A/Libraries/libGPUSupportMercury.dylib
0x000000000074b000 	/System/Library/Frameworks/OpenGL.framework/Versions/A/Resources/GLRendererFloat.bundle/GLRendererFloat
0x000000012e2ed000 	/Library/Java/JavaVirtualMachines/jdk1.8.0_65.jdk/Contents/Home/jre/lib/libfontmanager.dylib
0x000000012f7b5000 	/Library/Java/JavaVirtualMachines/jdk1.8.0_65.jdk/Contents/Home/jre/lib/libosxui.dylib
0x00000001302d9000 	/Library/Java/JavaVirtualMachines/jdk1.8.0_65.jdk/Contents/Home/jre/lib/libnet.dylib
0x0000000130223000 	/Library/Java/JavaVirtualMachines/jdk1.8.0_65.jdk/Contents/Home/jre/lib/libnio.dylib
0x000000000074b000 	/System/Library/Frameworks/ApplicationServices.framework/Versions/A/Frameworks/ATS.framework/Versions/A/Resources/libTrueTypeScaler.dylib
0x0000000181626000 	/System/Library/Extensions/AppleIntelBDWGraphicsMTLDriver.bundle/Contents/MacOS/AppleIntelBDWGraphicsMTLDriver
0x00000001814ad000 	/private/var/folders/vd/gg4m48993cb6_6m4v7vr0kzc0000gp/T/jogamp_0000/file_cache/jln1931305925623470912/jln3147441491206657876/libgluegen-rt.jnilib
0x0000000130280000 	/private/var/folders/vd/gg4m48993cb6_6m4v7vr0kzc0000gp/T/jogamp_0000/file_cache/jln1931305925623470912/jln3147441491206657876/libnativewindow_awt.jnilib
0x00000001814b1000 	/Library/Java/JavaVirtualMachines/jdk1.8.0_65.jdk/Contents/Home/jre/lib/libjawt.dylib
0x00000001814b4000 	/private/var/folders/vd/gg4m48993cb6_6m4v7vr0kzc0000gp/T/jogamp_0000/file_cache/jln1931305925623470912/jln3147441491206657876/libnativewindow_macosx.jnilib
0x0000000181c5b000 	/private/var/folders/vd/gg4m48993cb6_6m4v7vr0kzc0000gp/T/jogamp_0000/file_cache/jln1931305925623470912/jln3147441491206657876/libjogl_desktop.jnilib
0x00000001892c2000 	/Library/Java/JavaVirtualMachines/jdk1.8.0_65.jdk/Contents/Home/jre/lib/libjpeg.dylib

VM Arguments:
jvm_args: -Djava.security.policy=java.policy.applet -Dfile.encoding=UTF-8 
java_command: sun.applet.AppletViewer module1.HelloWorld1451444163322.html
java_class_path (initial): /Users/shahrzadmn/Dropbox/Eclipse/UCSDUnfoldingMaps/build:/Users/shahrzadmn/Dropbox/Eclipse/UCSDUnfoldingMaps/lib/core.jar:/Users/shahrzadmn/Dropbox/Eclipse/UCSDUnfoldingMaps/lib/gluegen-rt.jar:/Users/shahrzadmn/Dropbox/Eclipse/UCSDUnfoldingMaps/lib/jogl-all.jar:/Users/shahrzadmn/Dropbox/Eclipse/UCSDUnfoldingMaps/lib/log4j-1.2.15.jar:/Users/shahrzadmn/Dropbox/Eclipse/UCSDUnfoldingMaps/lib/sqlite-jdbc-3.7.2.jar:/Users/shahrzadmn/Dropbox/Eclipse/UCSDUnfoldingMaps/lib/json4processing.jar:/Users/shahrzadmn/Dropbox/Eclipse/UCSDUnfoldingMaps/lib/libTUIO.jar:/Users/shahrzadmn/Dropbox/Eclipse/UCSDUnfoldingMaps/lib/unfolding.0.9.7-uscd.jar
Launcher Type: SUN_STANDARD

Environment Variables:
PATH=/usr/bin:/bin:/usr/sbin:/sbin
SHELL=/bin/bash

Signal Handlers:
SIGSEGV: [libjvm.dylib+0x5a6d31], sa_mask[0]=11111111011111110111111111111111, sa_flags=SA_ONSTACK|SA_RESTART|SA_SIGINFO
SIGBUS: [libjvm.dylib+0x5a6d31], sa_mask[0]=11111111011111110111111111111111, sa_flags=SA_RESTART|SA_SIGINFO
SIGFPE: [libjvm.dylib+0x480a40], sa_mask[0]=11111111011111110111111111111111, sa_flags=SA_RESTART|SA_SIGINFO
SIGPIPE: [libjvm.dylib+0x480a40], sa_mask[0]=11111111011111110111111111111111, sa_flags=SA_RESTART|SA_SIGINFO
SIGXFSZ: [libjvm.dylib+0x480a40], sa_mask[0]=11111111011111110111111111111111, sa_flags=SA_RESTART|SA_SIGINFO
SIGILL: [libjvm.dylib+0x480a40], sa_mask[0]=11111111011111110111111111111111, sa_flags=SA_RESTART|SA_SIGINFO
SIGUSR1: SIG_DFL, sa_mask[0]=00000000000000000000000000000000, sa_flags=none
SIGUSR2: [libjvm.dylib+0x48055e], sa_mask[0]=00100000000000000000000000000000, sa_flags=SA_RESTART|SA_SIGINFO
SIGHUP: [libjvm.dylib+0x47eb35], sa_mask[0]=11111111011111110111111111111111, sa_flags=SA_RESTART|SA_SIGINFO
SIGINT: [libjvm.dylib+0x47eb35], sa_mask[0]=11111111011111110111111111111111, sa_flags=SA_RESTART|SA_SIGINFO
SIGTERM: [libjvm.dylib+0x47eb35], sa_mask[0]=11111111011111110111111111111111, sa_flags=SA_RESTART|SA_SIGINFO
SIGQUIT: [libjvm.dylib+0x47eb35], sa_mask[0]=11111111011111110111111111111111, sa_flags=SA_RESTART|SA_SIGINFO


---------------  S Y S T E M  ---------------

OS:Bsduname:Darwin 15.2.0 Darwin Kernel Version 15.2.0: Fri Nov 13 19:56:56 PST 2015; root:xnu-3248.20.55~2/RELEASE_X86_64 x86_64
rlimit: STACK 8192k, CORE 0k, NPROC 709, NOFILE 10240, AS infinity
load average:1.93 1.81 1.86

CPU:total 4 (2 cores per cpu, 2 threads per core) family 6 model 61 stepping 4, cmov, cx8, fxsr, mmx, sse, sse2, sse3, ssse3, sse4.1, sse4.2, popcnt, avx, avx2, aes, clmul, erms, 3dnowpref, lzcnt, ht, tsc, tscinvbit, bmi1, bmi2, adx

Memory: 4k page, physical 16777216k(651048k free)

/proc/meminfo:


vm_info: Java HotSpot(TM) 64-Bit Server VM (25.65-b01) for bsd-amd64 JRE (1.8.0_65-b17), built on Oct  6 2015 15:36:46 by "java_re" with gcc 4.2.1 (Based on Apple Inc. build 5658) (LLVM build 2336.11.00)

time: Tue Dec 29 21:56:15 2015
elapsed time: 12 seconds (0d 0h 0m 12s)

