#
# A fatal error has been detected by the Java Runtime Environment:
#
#  SIGSEGV (0xb) at pc=0x00007fff8b2be4dd, pid=6584, tid=2571
#
# JRE version: Java(TM) SE Runtime Environment (8.0_65-b17) (build 1.8.0_65-b17)
# Java VM: Java HotSpot(TM) 64-Bit Server VM (25.65-b01 mixed mode bsd-amd64 compressed oops)
# Problematic frame:
# C  [libobjc.A.dylib+0x14dd]  objc_msgSend+0x1d
#
# Failed to write core dump. Core dumps have been disabled. To enable core dumping, try "ulimit -c unlimited" before starting Java again
#
# If you would like to submit a bug report, please visit:
#   http://bugreport.java.com/bugreport/crash.jsp
# The crash happened outside the Java Virtual Machine in native code.
# See problematic frame for where to report the bug.
#

---------------  T H R E A D  ---------------

Current thread (0x00007ff5e40d0800):  JavaThread "AWT-AppKit" daemon [_thread_in_native, id=2571, stack(0x00007fff5f1bc000,0x00007fff5f9bc000)]

siginfo: si_signo: 11 (SIGSEGV), si_code: 1 (SEGV_MAPERR), si_addr: 0x0000000000000018

Registers:
RAX=0x00007ff5e7335250, RBX=0x0000000174b0d450, RCX=0x000000011ee98f80, RDX=0x000000011ecc2600
RSP=0x00007fff5f9b7358, RBP=0x00007fff5f9b7410, RSI=0x00007fff89fb2d0e, RDI=0x00007ff5e7333570
R8 =0x0000000000000000, R9 =0x00000000000008c0, R10=0x00007fff89fb2d0e, R11=0x0000000000000000
R12=0x0000000000000000, R13=0x0000000178f19c60, R14=0x0000000174b0d440, R15=0x00007ff5e40d0800
RIP=0x00007fff8b2be4dd, EFLAGS=0x0000000000010246, ERR=0x0000000000000004
  TRAPNO=0x000000000000000e

Top of Stack: (sp=0x00007fff5f9b7358)
0x00007fff5f9b7358:   0000000174b0b157 00007fff5f9b73b0
0x00007fff5f9b7368:   0000000000000003 00007fff5f9b7390
0x00007fff5f9b7378:   00000001006b19a6 0000000178f19c60
0x00007fff5f9b7388:   0000000178f19c60 00007ff5e7335250
0x00007fff5f9b7398:   0000000174b0d6a0 0000000174b0d710
0x00007fff5f9b73a8:   00007fff7397c770 00007fff73bfe500
0x00007fff5f9b73b8:   0000000174b0d450 0000000174b0d690
0x00007fff5f9b73c8:   00007ff5e7335250 00007ff5e7333570
0x00007fff5f9b73d8:   00007ff5e2e55480 00007ff5e7335250
0x00007fff5f9b73e8:   00007ff5e7333570 00007fff5f9b7498
0x00007fff5f9b73f8:   00007ff5e40d09f8 0000000178f19c60
0x00007fff5f9b7408:   00007fff5f9b74c0 00007fff5f9b7488
0x00007fff5f9b7418:   0000000101e15954 0000000178f19c60
0x00007fff5f9b7428:   00007fff5f9b74c0 00007fff5f9b7488
0x00007fff5f9b7438:   0000000101e156e7 0000000101e156a2
0x00007fff5f9b7448:   00007fff5f9b7448 0000000178f19c60
0x00007fff5f9b7458:   00007fff5f9b74c0 0000000178f1c898
0x00007fff5f9b7468:   0000000000000000 0000000178f19c60
0x00007fff5f9b7478:   0000000000000000 00007fff5f9b74a8
0x00007fff5f9b7488:   00007fff5f9b7508 0000000101e07c4d
0x00007fff5f9b7498:   000000076edcb400 0000000101e0f578
0x00007fff5f9b74a8:   00007ff5e7335250 00007fff5f9b7508
0x00007fff5f9b74b8:   00007ff5e7333570 0000000101e10d82
0x00007fff5f9b74c8:   00007fff5f9b74c8 0000000178f19e2a
0x00007fff5f9b74d8:   00007fff5f9b7530 0000000178f1c898
0x00007fff5f9b74e8:   0000000000000000 0000000178f19e38
0x00007fff5f9b74f8:   00007fff5f9b74a8 00007fff5f9b7518
0x00007fff5f9b7508:   00007fff5f9b7578 0000000101e07c4d
0x00007fff5f9b7518:   00007ff5e7335250 000000076ef32cc0
0x00007fff5f9b7528:   00007ff5e7333570 000000076ef32cc0
0x00007fff5f9b7538:   00007fff5f9b7538 000000017b23dfa6
0x00007fff5f9b7548:   00007fff5f9b7588 000000017b23e060 

Instructions: (pc=0x00007fff8b2be4dd)
0x00007fff8b2be4bd:   44 00 00 48 85 ff 2e 74 62 40 f6 c7 01 2e 75 66
0x00007fff8b2be4cd:   49 bb f8 ff ff ff ff 7f 00 00 4c 23 1f 49 89 f2
0x00007fff8b2be4dd:   45 23 53 18 49 c1 e2 04 4d 03 53 10 49 3b 32 75
0x00007fff8b2be4ed:   04 41 ff 62 08 49 83 3a 01 76 0d 49 83 c2 10 49 

Register to memory mapping:

RAX=0x00007ff5e7335250 is an unknown value
RBX=0x0000000174b0d450: Java_jogamp_nativewindow_macosx_OSXUtil_GetScreenRefreshRate0+0x1cf0 in /private/var/folders/vd/gg4m48993cb6_6m4v7vr0kzc0000gp/T/jogamp_0000/file_cache/jln5662096843315886946/jln5107221415925787494/libnativewindow_macosx.jnilib at 0x0000000174b06000
RCX=0x000000011ee98f80 is an unknown value
RDX=0x000000011ecc2600 is an unknown value
RSP=0x00007fff5f9b7358 is pointing into the stack for thread: 0x00007ff5e40d0800
RBP=0x00007fff5f9b7410 is pointing into the stack for thread: 0x00007ff5e40d0800
RSI=0x00007fff89fb2d0e is an unknown value
RDI=0x00007ff5e7333570 is an unknown value
R8 =0x0000000000000000 is an unknown value
R9 =0x00000000000008c0 is an unknown value
R10=0x00007fff89fb2d0e is an unknown value
R11=0x0000000000000000 is an unknown value
R12=0x0000000000000000 is an unknown value
R13={method} {0x0000000178f19c60} 'UnsetJAWTRootSurfaceLayer0' '(JJ)V' in 'jogamp/nativewindow/jawt/macosx/MacOSXJAWTWindow'
R14=0x0000000174b0d440: Java_jogamp_nativewindow_macosx_OSXUtil_GetScreenRefreshRate0+0x1ce0 in /private/var/folders/vd/gg4m48993cb6_6m4v7vr0kzc0000gp/T/jogamp_0000/file_cache/jln5662096843315886946/jln5107221415925787494/libnativewindow_macosx.jnilib at 0x0000000174b06000
R15=0x00007ff5e40d0800 is a thread


Stack: [0x00007fff5f1bc000,0x00007fff5f9bc000],  sp=0x00007fff5f9b7358,  free space=8172k
Native frames: (J=compiled Java code, j=interpreted, Vv=VM code, C=native code)
C  [libobjc.A.dylib+0x14dd]  objc_msgSend+0x1d
j  jogamp.nativewindow.jawt.macosx.MacOSXJAWTWindow.UnsetJAWTRootSurfaceLayer0(JJ)V+0
j  jogamp.nativewindow.jawt.macosx.MacOSXJAWTWindow.access$200(JJ)V+2
j  jogamp.nativewindow.jawt.macosx.MacOSXJAWTWindow$1.run()V+38
J 1984 C1 com.jogamp.common.util.RunnableTask.run()V (345 bytes) @ 0x00000001024caf54 [0x00000001024cadc0+0x194]
v  ~StubRoutines::call_stub
V  [libjvm.dylib+0x2eab02]
V  [libjvm.dylib+0x321bab]
V  [libjvm.dylib+0x31437f]
C  [libnativewindow_macosx.jnilib+0x5326]  Java_jogamp_nativewindow_jawt_macosx_MacOSXJAWTWindow_UnsetJAWTRootSurfaceLayer0+0x2b6
C  [Foundation+0x8dd4b]  __NSThreadPerformPerform+0x117
C  [CoreFoundation+0x7e5c1]  __CFRUNLOOP_IS_CALLING_OUT_TO_A_SOURCE0_PERFORM_FUNCTION__+0x11
C  [CoreFoundation+0x70397]  __CFRunLoopDoSources0+0x1a7
C  [CoreFoundation+0x6f93f]  __CFRunLoopRun+0x39f
C  [CoreFoundation+0x6f338]  CFRunLoopRunSpecific+0x128
C  [HIToolbox+0x30935]  RunCurrentEventLoopInMode+0xeb
C  [HIToolbox+0x30677]  ReceiveNextEventCommon+0xb8
C  [HIToolbox+0x305af]  _BlockUntilNextEventMatchingListInModeWithFilter+0x47
C  [AppKit+0x8a0ee]  _DPSNextEvent+0x42b
C  [AppKit+0x456943]  -[NSApplication _nextEventMatchingEventMask:untilDate:inMode:dequeue:]+0x1c6
C  [libosxapp.dylib+0x23aa]  -[NSApplicationAWT nextEventMatchingMask:untilDate:inMode:dequeue:]+0x7c
C  [AppKit+0x7ffc8]  -[NSApplication run]+0x2aa
C  [libosxapp.dylib+0x214d]  +[NSApplicationAWT runAWTLoopWithApp:]+0x9c
C  [libawt_lwawt.dylib+0x44517]  -[AWTStarter starter:]+0x389
C  [Foundation+0x8dd4b]  __NSThreadPerformPerform+0x117
C  [CoreFoundation+0x7e5c1]  __CFRUNLOOP_IS_CALLING_OUT_TO_A_SOURCE0_PERFORM_FUNCTION__+0x11
C  [CoreFoundation+0x7041c]  __CFRunLoopDoSources0+0x22c
C  [CoreFoundation+0x6f93f]  __CFRunLoopRun+0x39f
C  [CoreFoundation+0x6f338]  CFRunLoopRunSpecific+0x128
C  [java+0x6463]  CreateExecutionEnvironment+0x367
C  [java+0x21ac]  JLI_Launch+0x7a0
C  [java+0x84c0]  main+0x65
C  [java+0x1a04]  start+0x34
C  0x0000000000000007

Java frames: (J=compiled Java code, j=interpreted, Vv=VM code)
j  jogamp.nativewindow.jawt.macosx.MacOSXJAWTWindow.UnsetJAWTRootSurfaceLayer0(JJ)V+0
j  jogamp.nativewindow.jawt.macosx.MacOSXJAWTWindow.access$200(JJ)V+2
j  jogamp.nativewindow.jawt.macosx.MacOSXJAWTWindow$1.run()V+38
J 1984 C1 com.jogamp.common.util.RunnableTask.run()V (345 bytes) @ 0x00000001024caf54 [0x00000001024cadc0+0x194]
v  ~StubRoutines::call_stub

---------------  P R O C E S S  ---------------

Java Threads: ( => current thread )
  0x00007ff5e3061000 JavaThread "Thread-48" [_thread_blocked, id=68615, stack(0x00007000019ee000,0x0000700001aee000)]
  0x00007ff5e4b58800 JavaThread "AWT-EventQueue-1" [_thread_in_native, id=58923, stack(0x0000700001868000,0x0000700001968000)]
  0x00007ff5e3083800 JavaThread "DestroyJavaVM" [_thread_blocked, id=4099, stack(0x0000700000084000,0x0000700000184000)]
  0x00007ff5e41d7000 JavaThread "AWT-EventQueue-0" [_thread_blocked, id=54279, stack(0x0000700001662000,0x0000700001762000)]
  0x00007ff5e49ef000 JavaThread "Java2D Disposer" daemon [_thread_blocked, id=49687, stack(0x00007000013d9000,0x00007000014d9000)]
  0x00007ff5e49d3000 JavaThread "Java2D Queue Flusher" daemon [_thread_blocked, id=43291, stack(0x00007000012d6000,0x00007000013d6000)]
  0x00007ff5e49a0800 JavaThread "AWT-Shutdown" [_thread_blocked, id=29715, stack(0x0000700001150000,0x0000700001250000)]
=>0x00007ff5e40d0800 JavaThread "AWT-AppKit" daemon [_thread_in_native, id=2571, stack(0x00007fff5f1bc000,0x00007fff5f9bc000)]
  0x00007ff5e3848000 JavaThread "Service Thread" daemon [_thread_blocked, id=18435, stack(0x0000700000dc1000,0x0000700000ec1000)]
  0x00007ff5e383d800 JavaThread "C1 CompilerThread2" daemon [_thread_blocked, id=17923, stack(0x0000700000cbe000,0x0000700000dbe000)]
  0x00007ff5e383a000 JavaThread "C2 CompilerThread1" daemon [_thread_blocked, id=17411, stack(0x0000700000bbb000,0x0000700000cbb000)]
  0x00007ff5e3838800 JavaThread "C2 CompilerThread0" daemon [_thread_blocked, id=16899, stack(0x0000700000ab8000,0x0000700000bb8000)]
  0x00007ff5e4003000 JavaThread "Signal Dispatcher" daemon [_thread_blocked, id=13071, stack(0x00007000009b5000,0x0000700000ab5000)]
  0x00007ff5e3815000 JavaThread "Finalizer" daemon [_thread_blocked, id=12291, stack(0x000070000082f000,0x000070000092f000)]
  0x00007ff5e4017800 JavaThread "Reference Handler" daemon [_thread_blocked, id=11779, stack(0x000070000072c000,0x000070000082c000)]

Other Threads:
  0x00007ff5e3812800 VMThread [stack: 0x0000700000629000,0x0000700000729000] [id=11267]
  0x00007ff5e4809800 WatcherThread [stack: 0x0000700000ec4000,0x0000700000fc4000] [id=18947]

VM state:not at safepoint (normal execution)

VM Mutex/Monitor currently owned by a thread: None

Heap:
 PSYoungGen      total 76288K, used 56472K [0x000000076ab00000, 0x0000000774000000, 0x00000007c0000000)
  eden space 65536K, 69% used [0x000000076ab00000,0x000000076d7acc68,0x000000076eb00000)
  from space 10752K, 99% used [0x000000076eb00000,0x000000076f579500,0x000000076f580000)
  to   space 10752K, 0% used [0x0000000773580000,0x0000000773580000,0x0000000774000000)
 ParOldGen       total 175104K, used 13831K [0x00000006c0000000, 0x00000006cab00000, 0x000000076ab00000)
  object space 175104K, 7% used [0x00000006c0000000,0x00000006c0d81fc8,0x00000006cab00000)
 Metaspace       used 19089K, capacity 19271K, committed 19328K, reserved 1067008K
  class space    used 1869K, capacity 1918K, committed 1920K, reserved 1048576K

Card table byte_map: [0x00000001111c0000,0x00000001119c1000] byte_map_base: 0x000000010dbc0000

Marking Bits: (ParMarkBitMap*) 0x0000000100d9ee20
 Begin Bits: [0x0000000111f17000, 0x0000000115f17000)
 End Bits:   [0x0000000115f17000, 0x0000000119f17000)

Polling page: 0x000000010148c000

CodeCache: size=245760Kb used=7612Kb max_used=7623Kb free=238147Kb
 bounds [0x0000000101e00000, 0x0000000102580000, 0x0000000110e00000]
 total_blobs=3025 nmethods=2152 adapters=787
 compilation: enabled

Compilation events (10 events):
Event: 17.652 Thread 0x00007ff5e383d800 nmethod 2148 0x0000000102574690 code [0x0000000102574820, 0x0000000102574b88]
Event: 17.652 Thread 0x00007ff5e383a000 2149  s    4       sun.misc.URLClassPath::getNextLoader (88 bytes)
Event: 17.654 Thread 0x00007ff5e3838800 nmethod 2146 0x0000000102572490 code [0x0000000102572600, 0x0000000102572dd8]
Event: 17.658 Thread 0x00007ff5e383a000 nmethod 2149 0x0000000102576c10 code [0x0000000102576d80, 0x00000001025774f8]
Event: 17.661 Thread 0x00007ff5e383d800 2150       3       java.util.IdentityHashMap::maskNull (12 bytes)
Event: 17.661 Thread 0x00007ff5e383d800 nmethod 2150 0x000000010256fcd0 code [0x000000010256fe40, 0x000000010256ffd0]
Event: 17.661 Thread 0x00007ff5e383d800 2152       3       sun.java2d.pipe.RenderBuffer::putFloat (26 bytes)
Event: 17.661 Thread 0x00007ff5e383d800 nmethod 2152 0x00000001025720d0 code [0x0000000102572240, 0x00000001025723d0]
Event: 17.662 Thread 0x00007ff5e383d800 2151       1       sun.java2d.SurfaceData::isValid (5 bytes)
Event: 17.662 Thread 0x00007ff5e383d800 nmethod 2151 0x0000000102571e10 code [0x0000000102571f60, 0x0000000102572070]

GC Heap History (6 events):
Event: 2.371 GC heap before
{Heap before GC invocations=1 (full 0):
 PSYoungGen      total 76288K, used 65536K [0x000000076ab00000, 0x0000000770000000, 0x00000007c0000000)
  eden space 65536K, 100% used [0x000000076ab00000,0x000000076eb00000,0x000000076eb00000)
  from space 10752K, 0% used [0x000000076f580000,0x000000076f580000,0x0000000770000000)
  to   space 10752K, 0% used [0x000000076eb00000,0x000000076eb00000,0x000000076f580000)
 ParOldGen       total 175104K, used 0K [0x00000006c0000000, 0x00000006cab00000, 0x000000076ab00000)
  object space 175104K, 0% used [0x00000006c0000000,0x00000006c0000000,0x00000006cab00000)
 Metaspace       used 18162K, capacity 18363K, committed 18560K, reserved 1067008K
  class space    used 1843K, capacity 1916K, committed 1920K, reserved 1048576K
Event: 2.383 GC heap after
Heap after GC invocations=1 (full 0):
 PSYoungGen      total 76288K, used 10726K [0x000000076ab00000, 0x0000000770000000, 0x00000007c0000000)
  eden space 65536K, 0% used [0x000000076ab00000,0x000000076ab00000,0x000000076eb00000)
  from space 10752K, 99% used [0x000000076eb00000,0x000000076f579980,0x000000076f580000)
  to   space 10752K, 0% used [0x000000076f580000,0x000000076f580000,0x0000000770000000)
 ParOldGen       total 175104K, used 3440K [0x00000006c0000000, 0x00000006cab00000, 0x000000076ab00000)
  object space 175104K, 1% used [0x00000006c0000000,0x00000006c035c1b8,0x00000006cab00000)
 Metaspace       used 18162K, capacity 18363K, committed 18560K, reserved 1067008K
  class space    used 1843K, capacity 1916K, committed 1920K, reserved 1048576K
}
Event: 2.874 GC heap before
{Heap before GC invocations=2 (full 0):
 PSYoungGen      total 76288K, used 76206K [0x000000076ab00000, 0x0000000770000000, 0x00000007c0000000)
  eden space 65536K, 99% used [0x000000076ab00000,0x000000076eaf2088,0x000000076eb00000)
  from space 10752K, 99% used [0x000000076eb00000,0x000000076f579980,0x000000076f580000)
  to   space 10752K, 0% used [0x000000076f580000,0x000000076f580000,0x0000000770000000)
 ParOldGen       total 175104K, used 3696K [0x00000006c0000000, 0x00000006cab00000, 0x000000076ab00000)
  object space 175104K, 2% used [0x00000006c0000000,0x00000006c039c1c8,0x00000006cab00000)
 Metaspace       used 18462K, capacity 18689K, committed 18816K, reserved 1067008K
  class space    used 1861K, capacity 1917K, committed 1920K, reserved 1048576K
Event: 2.887 GC heap after
Heap after GC invocations=2 (full 0):
 PSYoungGen      total 76288K, used 10741K [0x000000076ab00000, 0x0000000774000000, 0x00000007c0000000)
  eden space 65536K, 0% used [0x000000076ab00000,0x000000076ab00000,0x000000076eb00000)
  from space 10752K, 99% used [0x000000076f580000,0x000000076fffd500,0x0000000770000000)
  to   space 10752K, 0% used [0x000000076eb00000,0x000000076eb00000,0x000000076f580000)
 ParOldGen       total 175104K, used 12191K [0x00000006c0000000, 0x00000006cab00000, 0x000000076ab00000)
  object space 175104K, 6% used [0x00000006c0000000,0x00000006c0be7df8,0x00000006cab00000)
 Metaspace       used 18462K, capacity 18689K, committed 18816K, reserved 1067008K
  class space    used 1861K, capacity 1917K, committed 1920K, reserved 1048576K
}
Event: 10.349 GC heap before
{Heap before GC invocations=3 (full 0):
 PSYoungGen      total 76288K, used 76277K [0x000000076ab00000, 0x0000000774000000, 0x00000007c0000000)
  eden space 65536K, 100% used [0x000000076ab00000,0x000000076eb00000,0x000000076eb00000)
  from space 10752K, 99% used [0x000000076f580000,0x000000076fffd500,0x0000000770000000)
  to   space 10752K, 0% used [0x000000076eb00000,0x000000076eb00000,0x000000076f580000)
 ParOldGen       total 175104K, used 12193K [0x00000006c0000000, 0x00000006cab00000, 0x000000076ab00000)
  object space 175104K, 6% used [0x00000006c0000000,0x00000006c0be8738,0x00000006cab00000)
 Metaspace       used 18986K, capacity 19137K, committed 19328K, reserved 1067008K
  class space    used 1861K, capacity 1917K, committed 1920K, reserved 1048576K
Event: 10.358 GC heap after
Heap after GC invocations=3 (full 0):
 PSYoungGen      total 76288K, used 10725K [0x000000076ab00000, 0x0000000774000000, 0x00000007c0000000)
  eden space 65536K, 0% used [0x000000076ab00000,0x000000076ab00000,0x000000076eb00000)
  from space 10752K, 99% used [0x000000076eb00000,0x000000076f579500,0x000000076f580000)
  to   space 10752K, 0% used [0x0000000773580000,0x0000000773580000,0x0000000774000000)
 ParOldGen       total 175104K, used 13831K [0x00000006c0000000, 0x00000006cab00000, 0x000000076ab00000)
  object space 175104K, 7% used [0x00000006c0000000,0x00000006c0d81fc8,0x00000006cab00000)
 Metaspace       used 18986K, capacity 19137K, committed 19328K, reserved 1067008K
  class space    used 1861K, capacity 1917K, committed 1920K, reserved 1048576K
}

Deoptimization events (7 events):
Event: 1.244 Thread 0x00007ff5e4a3e000 Uncommon trap: reason=unstable_if action=reinterpret pc=0x0000000101fdcf40 method=java.lang.String.toLowerCase(Ljava/util/Locale;)Ljava/lang/String; @ 85
Event: 1.440 Thread 0x00007ff5e4b29800 Uncommon trap: reason=unstable_if action=reinterpret pc=0x000000010207cc14 method=java.lang.String.indexOf([CII[CIII)I @ 3
Event: 1.440 Thread 0x00007ff5e4b29800 Uncommon trap: reason=unstable_if action=reinterpret pc=0x0000000101fc92d8 method=java.lang.String.indexOf([CII[CIII)I @ 3
Event: 2.196 Thread 0x00007ff5e4b58800 Uncommon trap: reason=unstable_if action=reinterpret pc=0x0000000101faf990 method=java.lang.AbstractStringBuilder.append(Ljava/lang/String;)Ljava/lang/AbstractStringBuilder; @ 1
Event: 17.599 Thread 0x00007ff5e4b58800 Uncommon trap: reason=unstable_if action=reinterpret pc=0x00000001022a21e8 method=com.jogamp.common.util.VersionNumber.compareTo(Lcom/jogamp/common/util/VersionNumber;)I @ 21
Event: 17.647 Thread 0x00007ff5e417f800 Uncommon trap: reason=unstable_if action=reinterpret pc=0x0000000102551bf0 method=java.util.HashMap.putVal(ILjava/lang/Object;Ljava/lang/Object;ZZ)Ljava/lang/Object; @ 81
Event: 17.660 Thread 0x00007ff5e4b58800 Uncommon trap: reason=unstable_if action=reinterpret pc=0x000000010256d9e8 method=java.security.AccessControlContext.optimize()Ljava/security/AccessControlContext; @ 233

Internal exceptions (10 events):
Event: 0.172 Thread 0x00007ff5e4804800 Exception <a 'java/lang/NoSuchFieldError': method resolution failed> (0x000000076aeed510) thrown at [/Users/java_re/workspace/8-2-build-macosx-x86_64/jdk8u65/4987/hotspot/src/share/vm/prims/methodHandles.cpp, line 1146]
Event: 0.178 Thread 0x00007ff5e4804800 Exception <a 'java/lang/NoSuchFieldError': method resolution failed> (0x000000076aeface0) thrown at [/Users/java_re/workspace/8-2-build-macosx-x86_64/jdk8u65/4987/hotspot/src/share/vm/prims/methodHandles.cpp, line 1146]
Event: 0.337 Thread 0x00007ff5e4804800 Exception <a 'java/io/FileNotFoundException'> (0x000000076af76c38) thrown at [/Users/java_re/workspace/8-2-build-macosx-x86_64/jdk8u65/4987/hotspot/src/share/vm/prims/jni.cpp, line 709]
Event: 0.337 Thread 0x00007ff5e4804800 Exception <a 'java/io/FileNotFoundException'> (0x000000076af777a0) thrown at [/Users/java_re/workspace/8-2-build-macosx-x86_64/jdk8u65/4987/hotspot/src/share/vm/prims/jni.cpp, line 709]
Event: 0.422 Thread 0x00007ff5e4804800 Exception <a 'java/io/FileNotFoundException'> (0x000000076b00c448) thrown at [/Users/java_re/workspace/8-2-build-macosx-x86_64/jdk8u65/4987/hotspot/src/share/vm/prims/jni.cpp, line 709]
Event: 1.458 Thread 0x00007ff5e4b29800 Exception <a 'java/lang/UnsatisfiedLinkError': com.jogamp.common.util.JarUtil.fixNativeLibAttribs(Ljava/lang/String;)Z> (0x000000076c765cd0) thrown at [/Users/java_re/workspace/8-2-build-macosx-x86_64/jdk8u65/4987/hotspot/src/share/vm/prims/nativeLookup.c
Event: 2.195 Thread 0x00007ff5e4b58800 Exception <a 'java/io/FileNotFoundException'> (0x000000076d839908) thrown at [/Users/java_re/workspace/8-2-build-macosx-x86_64/jdk8u65/4987/hotspot/src/share/vm/prims/jni.cpp, line 709]
Event: 2.196 Thread 0x00007ff5e4b58800 Exception <a 'java/io/FileNotFoundException'> (0x000000076d83fb38) thrown at [/Users/java_re/workspace/8-2-build-macosx-x86_64/jdk8u65/4987/hotspot/src/share/vm/prims/jni.cpp, line 709]
Event: 2.196 Thread 0x00007ff5e4b58800 Implicit null exception at 0x0000000101faf5f3 to 0x0000000101faf97d
Event: 2.386 Thread 0x00007ff5e3815000 Exception <a 'java/lang/NullPointerException'> (0x000000076ad09d20) thrown at [/Users/java_re/workspace/8-2-build-macosx-x86_64/jdk8u65/4987/hotspot/src/share/vm/interpreter/linkResolver.cpp, line 1178]

Events (10 events):
Event: 17.660 Thread 0x00007ff5e4b58800 DEOPT UNPACKING pc=0x0000000101e05229 sp=0x0000700001965760 mode 2
Event: 17.660 loading class java/awt/LightweightDispatcher$2
Event: 17.660 loading class java/awt/LightweightDispatcher$2 done
Event: 17.660 loading class java/awt/event/AWTEventListenerProxy
Event: 17.660 loading class java/awt/event/AWTEventListenerProxy done
Event: 17.661 loading class java/awt/Toolkit$ToolkitEventMulticaster
Event: 17.661 loading class java/awt/Toolkit$ToolkitEventMulticaster done
Event: 17.661 Thread 0x00007ff5e417f800 Thread exited: 0x00007ff5e417f800
Event: 17.661 loading class java/awt/Window$1DisposeAction
Event: 17.661 loading class java/awt/Window$1DisposeAction done


Dynamic libraries:
0x000000000074b000 	/System/Library/Frameworks/Cocoa.framework/Versions/A/Cocoa
0x000000000074b000 	/System/Library/Frameworks/Security.framework/Versions/A/Security
0x000000000074b000 	/System/Library/Frameworks/ApplicationServices.framework/Versions/A/ApplicationServices
0x000000000074b000 	/usr/lib/libz.1.dylib
0x000000000074b000 	/usr/lib/libSystem.B.dylib
0x000000000074b000 	/usr/lib/libobjc.A.dylib
0x000000000074b000 	/System/Library/Frameworks/CoreFoundation.framework/Versions/A/CoreFoundation
0x000000000074b000 	/System/Library/Frameworks/Foundation.framework/Versions/C/Foundation
0x000000000074b000 	/System/Library/Frameworks/AppKit.framework/Versions/C/AppKit
0x000000000074b000 	/System/Library/Frameworks/CoreData.framework/Versions/A/CoreData
0x000000000074b000 	/System/Library/PrivateFrameworks/RemoteViewServices.framework/Versions/A/RemoteViewServices
0x000000000074b000 	/System/Library/PrivateFrameworks/UIFoundation.framework/Versions/A/UIFoundation
0x000000000074b000 	/usr/lib/libScreenReader.dylib
0x000000000074b000 	/System/Library/Frameworks/Accelerate.framework/Versions/A/Accelerate
0x000000000074b000 	/System/Library/Frameworks/IOSurface.framework/Versions/A/IOSurface
0x000000000074b000 	/System/Library/Frameworks/AudioToolbox.framework/Versions/A/AudioToolbox
0x000000000074b000 	/System/Library/Frameworks/AudioUnit.framework/Versions/A/AudioUnit
0x000000000074b000 	/System/Library/PrivateFrameworks/DataDetectorsCore.framework/Versions/A/DataDetectorsCore
0x000000000074b000 	/System/Library/PrivateFrameworks/DesktopServicesPriv.framework/Versions/A/DesktopServicesPriv
0x000000000074b000 	/System/Library/Frameworks/Carbon.framework/Versions/A/Frameworks/HIToolbox.framework/Versions/A/HIToolbox
0x000000000074b000 	/System/Library/Frameworks/QuartzCore.framework/Versions/A/QuartzCore
0x000000000074b000 	/System/Library/Frameworks/Carbon.framework/Versions/A/Frameworks/SpeechRecognition.framework/Versions/A/SpeechRecognition
0x000000000074b000 	/usr/lib/libauto.dylib
0x000000000074b000 	/usr/lib/libicucore.A.dylib
0x000000000074b000 	/usr/lib/libxml2.2.dylib
0x000000000074b000 	/System/Library/PrivateFrameworks/CoreUI.framework/Versions/A/CoreUI
0x000000000074b000 	/System/Library/Frameworks/CoreAudio.framework/Versions/A/CoreAudio
0x000000000074b000 	/System/Library/Frameworks/DiskArbitration.framework/Versions/A/DiskArbitration
0x000000000074b000 	/usr/lib/liblangid.dylib
0x000000000074b000 	/System/Library/PrivateFrameworks/MultitouchSupport.framework/Versions/A/MultitouchSupport
0x000000000074b000 	/System/Library/Frameworks/IOKit.framework/Versions/A/IOKit
0x000000000074b000 	/usr/lib/libDiagnosticMessagesClient.dylib
0x000000000074b000 	/System/Library/Frameworks/CoreServices.framework/Versions/A/CoreServices
0x000000000074b000 	/System/Library/PrivateFrameworks/PerformanceAnalysis.framework/Versions/A/PerformanceAnalysis
0x000000000074b000 	/System/Library/PrivateFrameworks/GenerationalStorage.framework/Versions/A/GenerationalStorage
0x000000000074b000 	/System/Library/Frameworks/OpenGL.framework/Versions/A/OpenGL
0x000000000074b000 	/System/Library/PrivateFrameworks/Sharing.framework/Versions/A/Sharing
0x000000000074b000 	/System/Library/Frameworks/CoreGraphics.framework/Versions/A/CoreGraphics
0x000000000074b000 	/System/Library/Frameworks/CoreImage.framework/Versions/A/CoreImage
0x000000000074b000 	/System/Library/Frameworks/CoreText.framework/Versions/A/CoreText
0x000000000074b000 	/System/Library/Frameworks/ImageIO.framework/Versions/A/ImageIO
0x000000000074b000 	/System/Library/PrivateFrameworks/Backup.framework/Versions/A/Backup
0x000000000074b000 	/usr/lib/libextension.dylib
0x000000000074b000 	/usr/lib/libarchive.2.dylib
0x000000000074b000 	/System/Library/Frameworks/CFNetwork.framework/Versions/A/CFNetwork
0x000000000074b000 	/System/Library/Frameworks/SystemConfiguration.framework/Versions/A/SystemConfiguration
0x000000000074b000 	/usr/lib/libCRFSuite.dylib
0x000000000074b000 	/usr/lib/libc++.1.dylib
0x000000000074b000 	/usr/lib/libc++abi.dylib
0x000000000074b000 	/usr/lib/system/libcache.dylib
0x000000000074b000 	/usr/lib/system/libcommonCrypto.dylib
0x000000000074b000 	/usr/lib/system/libcompiler_rt.dylib
0x000000000074b000 	/usr/lib/system/libcopyfile.dylib
0x000000000074b000 	/usr/lib/system/libcorecrypto.dylib
0x000000000074b000 	/usr/lib/system/libdispatch.dylib
0x000000000074b000 	/usr/lib/system/libdyld.dylib
0x000000000074b000 	/usr/lib/system/libkeymgr.dylib
0x000000000074b000 	/usr/lib/system/liblaunch.dylib
0x000000000074b000 	/usr/lib/system/libmacho.dylib
0x000000000074b000 	/usr/lib/system/libquarantine.dylib
0x000000000074b000 	/usr/lib/system/libremovefile.dylib
0x000000000074b000 	/usr/lib/system/libsystem_asl.dylib
0x000000000074b000 	/usr/lib/system/libsystem_blocks.dylib
0x000000000074b000 	/usr/lib/system/libsystem_c.dylib
0x000000000074b000 	/usr/lib/system/libsystem_configuration.dylib
0x000000000074b000 	/usr/lib/system/libsystem_coreservices.dylib
0x000000000074b000 	/usr/lib/system/libsystem_coretls.dylib
0x000000000074b000 	/usr/lib/system/libsystem_dnssd.dylib
0x000000000074b000 	/usr/lib/system/libsystem_info.dylib
0x000000000074b000 	/usr/lib/system/libsystem_kernel.dylib
0x000000000074b000 	/usr/lib/system/libsystem_m.dylib
0x000000000074b000 	/usr/lib/system/libsystem_malloc.dylib
0x000000000074b000 	/usr/lib/system/libsystem_network.dylib
0x000000000074b000 	/usr/lib/system/libsystem_networkextension.dylib
0x000000000074b000 	/usr/lib/system/libsystem_notify.dylib
0x000000000074b000 	/usr/lib/system/libsystem_platform.dylib
0x000000000074b000 	/usr/lib/system/libsystem_pthread.dylib
0x000000000074b000 	/usr/lib/system/libsystem_sandbox.dylib
0x000000000074b000 	/usr/lib/system/libsystem_secinit.dylib
0x000000000074b000 	/usr/lib/system/libsystem_trace.dylib
0x000000000074b000 	/usr/lib/system/libunc.dylib
0x000000000074b000 	/usr/lib/system/libunwind.dylib
0x000000000074b000 	/usr/lib/system/libxpc.dylib
0x000000000074b000 	/usr/lib/libenergytrace.dylib
0x000000000074b000 	/usr/lib/libbsm.0.dylib
0x000000000074b000 	/usr/lib/system/libkxld.dylib
0x000000000074b000 	/usr/lib/libxar.1.dylib
0x000000000074b000 	/usr/lib/libsqlite3.dylib
0x000000000074b000 	/usr/lib/libpam.2.dylib
0x000000000074b000 	/usr/lib/libOpenScriptingUtil.dylib
0x000000000074b000 	/usr/lib/libbz2.1.0.dylib
0x000000000074b000 	/usr/lib/liblzma.5.dylib
0x000000000074b000 	/System/Library/Frameworks/CoreServices.framework/Versions/A/Frameworks/FSEvents.framework/Versions/A/FSEvents
0x000000000074b000 	/System/Library/Frameworks/CoreServices.framework/Versions/A/Frameworks/CarbonCore.framework/Versions/A/CarbonCore
0x000000000074b000 	/System/Library/Frameworks/CoreServices.framework/Versions/A/Frameworks/Metadata.framework/Versions/A/Metadata
0x000000000074b000 	/System/Library/Frameworks/CoreServices.framework/Versions/A/Frameworks/OSServices.framework/Versions/A/OSServices
0x000000000074b000 	/System/Library/Frameworks/CoreServices.framework/Versions/A/Frameworks/SearchKit.framework/Versions/A/SearchKit
0x000000000074b000 	/System/Library/Frameworks/CoreServices.framework/Versions/A/Frameworks/AE.framework/Versions/A/AE
0x000000000074b000 	/System/Library/Frameworks/CoreServices.framework/Versions/A/Frameworks/LaunchServices.framework/Versions/A/LaunchServices
0x000000000074b000 	/System/Library/Frameworks/CoreServices.framework/Versions/A/Frameworks/DictionaryServices.framework/Versions/A/DictionaryServices
0x000000000074b000 	/System/Library/Frameworks/CoreServices.framework/Versions/A/Frameworks/SharedFileList.framework/Versions/A/SharedFileList
0x000000000074b000 	/System/Library/Frameworks/NetFS.framework/Versions/A/NetFS
0x000000000074b000 	/System/Library/PrivateFrameworks/NetAuth.framework/Versions/A/NetAuth
0x000000000074b000 	/System/Library/PrivateFrameworks/login.framework/Versions/A/Frameworks/loginsupport.framework/Versions/A/loginsupport
0x000000000074b000 	/System/Library/PrivateFrameworks/TCC.framework/Versions/A/TCC
0x000000000074b000 	/usr/lib/libmecabra.dylib
0x000000000074b000 	/System/Library/Frameworks/ApplicationServices.framework/Versions/A/Frameworks/ATS.framework/Versions/A/ATS
0x000000000074b000 	/System/Library/Frameworks/ApplicationServices.framework/Versions/A/Frameworks/ColorSync.framework/Versions/A/ColorSync
0x000000000074b000 	/System/Library/Frameworks/ApplicationServices.framework/Versions/A/Frameworks/HIServices.framework/Versions/A/HIServices
0x000000000074b000 	/System/Library/Frameworks/ApplicationServices.framework/Versions/A/Frameworks/LangAnalysis.framework/Versions/A/LangAnalysis
0x000000000074b000 	/System/Library/Frameworks/ApplicationServices.framework/Versions/A/Frameworks/PrintCore.framework/Versions/A/PrintCore
0x000000000074b000 	/System/Library/Frameworks/ApplicationServices.framework/Versions/A/Frameworks/QD.framework/Versions/A/QD
0x000000000074b000 	/System/Library/Frameworks/ApplicationServices.framework/Versions/A/Frameworks/SpeechSynthesis.framework/Versions/A/SpeechSynthesis
0x000000000074b000 	/System/Library/Frameworks/Metal.framework/Versions/A/Metal
0x000000000074b000 	/System/Library/Frameworks/Accelerate.framework/Versions/A/Frameworks/vImage.framework/Versions/A/vImage
0x000000000074b000 	/System/Library/Frameworks/Accelerate.framework/Versions/A/Frameworks/vecLib.framework/Versions/A/vecLib
0x000000000074b000 	/System/Library/Frameworks/Accelerate.framework/Versions/A/Frameworks/vecLib.framework/Versions/A/libvDSP.dylib
0x000000000074b000 	/System/Library/Frameworks/Accelerate.framework/Versions/A/Frameworks/vecLib.framework/Versions/A/libvMisc.dylib
0x000000000074b000 	/System/Library/Frameworks/Accelerate.framework/Versions/A/Frameworks/vecLib.framework/Versions/A/libLAPACK.dylib
0x000000000074b000 	/System/Library/Frameworks/Accelerate.framework/Versions/A/Frameworks/vecLib.framework/Versions/A/libBLAS.dylib
0x000000000074b000 	/System/Library/Frameworks/Accelerate.framework/Versions/A/Frameworks/vecLib.framework/Versions/A/libLinearAlgebra.dylib
0x000000000074b000 	/System/Library/Frameworks/Accelerate.framework/Versions/A/Frameworks/vecLib.framework/Versions/A/libSparseBLAS.dylib
0x000000000074b000 	/System/Library/PrivateFrameworks/GPUCompiler.framework/libmetal_timestamp.dylib
0x000000000074b000 	/System/Library/Frameworks/OpenGL.framework/Versions/A/Libraries/libCoreFSCache.dylib
0x000000000074b000 	/System/Library/PrivateFrameworks/IOAccelerator.framework/Versions/A/IOAccelerator
0x000000000074b000 	/System/Library/Frameworks/ApplicationServices.framework/Versions/A/Frameworks/ATS.framework/Versions/A/Resources/libFontParser.dylib
0x000000000074b000 	/System/Library/Frameworks/ApplicationServices.framework/Versions/A/Frameworks/ATS.framework/Versions/A/Resources/libFontRegistry.dylib
0x000000000074b000 	/System/Library/PrivateFrameworks/AppleVPA.framework/Versions/A/AppleVPA
0x000000000074b000 	/System/Library/PrivateFrameworks/AppleJPEG.framework/Versions/A/AppleJPEG
0x000000000074b000 	/System/Library/Frameworks/ImageIO.framework/Versions/A/Resources/libJPEG.dylib
0x000000000074b000 	/System/Library/Frameworks/ImageIO.framework/Versions/A/Resources/libTIFF.dylib
0x000000000074b000 	/System/Library/Frameworks/ImageIO.framework/Versions/A/Resources/libPng.dylib
0x000000000074b000 	/System/Library/Frameworks/ImageIO.framework/Versions/A/Resources/libGIF.dylib
0x000000000074b000 	/System/Library/Frameworks/ImageIO.framework/Versions/A/Resources/libJP2.dylib
0x000000000074b000 	/System/Library/Frameworks/ImageIO.framework/Versions/A/Resources/libRadiance.dylib
0x000000000074b000 	/System/Library/Frameworks/CoreVideo.framework/Versions/A/CoreVideo
0x000000000074b000 	/System/Library/Frameworks/OpenGL.framework/Versions/A/Libraries/libGLU.dylib
0x000000000074b000 	/System/Library/Frameworks/OpenGL.framework/Versions/A/Libraries/libGFXShared.dylib
0x000000000074b000 	/System/Library/Frameworks/OpenGL.framework/Versions/A/Libraries/libGL.dylib
0x000000000074b000 	/System/Library/Frameworks/OpenGL.framework/Versions/A/Libraries/libGLImage.dylib
0x000000000074b000 	/System/Library/Frameworks/OpenGL.framework/Versions/A/Libraries/libCVMSPluginSupport.dylib
0x000000000074b000 	/System/Library/Frameworks/OpenGL.framework/Versions/A/Libraries/libCoreVMClient.dylib
0x000000000074b000 	/usr/lib/libcups.2.dylib
0x000000000074b000 	/System/Library/Frameworks/Kerberos.framework/Versions/A/Kerberos
0x000000000074b000 	/System/Library/Frameworks/GSS.framework/Versions/A/GSS
0x000000000074b000 	/usr/lib/libresolv.9.dylib
0x000000000074b000 	/usr/lib/libiconv.2.dylib
0x000000000074b000 	/System/Library/PrivateFrameworks/Heimdal.framework/Versions/A/Heimdal
0x000000000074b000 	/usr/lib/libheimdal-asn1.dylib
0x000000000074b000 	/System/Library/Frameworks/OpenDirectory.framework/Versions/A/OpenDirectory
0x000000000074b000 	/System/Library/PrivateFrameworks/CommonAuth.framework/Versions/A/CommonAuth
0x000000000074b000 	/System/Library/Frameworks/OpenDirectory.framework/Versions/A/Frameworks/CFOpenDirectory.framework/Versions/A/CFOpenDirectory
0x000000000074b000 	/System/Library/Frameworks/SecurityFoundation.framework/Versions/A/SecurityFoundation
0x000000000074b000 	/System/Library/PrivateFrameworks/LanguageModeling.framework/Versions/A/LanguageModeling
0x000000000074b000 	/usr/lib/libmarisa.dylib
0x000000000074b000 	/usr/lib/libChineseTokenizer.dylib
0x000000000074b000 	/usr/lib/libcmph.dylib
0x000000000074b000 	/usr/lib/libcompression.dylib
0x000000000074b000 	/System/Library/Frameworks/ServiceManagement.framework/Versions/A/ServiceManagement
0x000000000074b000 	/usr/lib/libxslt.1.dylib
0x000000000074b000 	/System/Library/Frameworks/Carbon.framework/Versions/A/Frameworks/Ink.framework/Versions/A/Ink
0x000000000074b000 	/usr/lib/libFosl_dynamic.dylib
0x000000000074b000 	/System/Library/PrivateFrameworks/FaceCore.framework/Versions/A/FaceCore
0x000000000074b000 	/System/Library/Frameworks/OpenCL.framework/Versions/A/OpenCL
0x000000000074b000 	/System/Library/PrivateFrameworks/CrashReporterSupport.framework/Versions/A/CrashReporterSupport
0x000000000074b000 	/System/Library/PrivateFrameworks/IconServices.framework/Versions/A/IconServices
0x000000000074b000 	/System/Library/PrivateFrameworks/Apple80211.framework/Versions/A/Apple80211
0x000000000074b000 	/System/Library/Frameworks/CoreWLAN.framework/Versions/A/CoreWLAN
0x000000000074b000 	/System/Library/Frameworks/IOBluetooth.framework/Versions/A/IOBluetooth
0x000000000074b000 	/System/Library/PrivateFrameworks/CoreWiFi.framework/Versions/A/CoreWiFi
0x000000000074b000 	/System/Library/Frameworks/CoreBluetooth.framework/Versions/A/CoreBluetooth
0x000000000074b000 	/System/Library/PrivateFrameworks/ChunkingLibrary.framework/Versions/A/ChunkingLibrary
0x000000000074b000 	/System/Library/PrivateFrameworks/DebugSymbols.framework/Versions/A/DebugSymbols
0x000000000074b000 	/System/Library/PrivateFrameworks/CoreSymbolication.framework/Versions/A/CoreSymbolication
0x000000000074b000 	/System/Library/PrivateFrameworks/Symbolication.framework/Versions/A/Symbolication
0x000000000074b000 	/System/Library/PrivateFrameworks/SpeechRecognitionCore.framework/Versions/A/SpeechRecognitionCore
0x00000001004c0000 	/Library/Java/JavaVirtualMachines/jdk1.8.0_65.jdk/Contents/Home/jre/lib/server/libjvm.dylib
0x000000000074b000 	/usr/lib/libstdc++.6.dylib
0x0000000101449000 	/Library/Java/JavaVirtualMachines/jdk1.8.0_65.jdk/Contents/Home/jre/lib/libverify.dylib
0x0000000101457000 	/Library/Java/JavaVirtualMachines/jdk1.8.0_65.jdk/Contents/Home/jre/lib/libjava.dylib
0x000000010149a000 	/Library/Java/JavaVirtualMachines/jdk1.8.0_65.jdk/Contents/Home/jre/lib/libzip.dylib
0x000000011c0ec000 	/System/Library/Frameworks/JavaVM.framework/Frameworks/JavaRuntimeSupport.framework/JavaRuntimeSupport
0x000000011c107000 	/System/Library/Frameworks/JavaVM.framework/Versions/A/Frameworks/JavaNativeFoundation.framework/Versions/A/JavaNativeFoundation
0x00000001015ed000 	/System/Library/Frameworks/JavaVM.framework/Versions/A/JavaVM
0x000000000074b000 	/System/Library/Frameworks/Carbon.framework/Versions/A/Carbon
0x000000011c11c000 	/System/Library/PrivateFrameworks/JavaLaunching.framework/Versions/A/JavaLaunching
0x000000000074b000 	/System/Library/Frameworks/Carbon.framework/Versions/A/Frameworks/CommonPanels.framework/Versions/A/CommonPanels
0x000000000074b000 	/System/Library/Frameworks/Carbon.framework/Versions/A/Frameworks/Help.framework/Versions/A/Help
0x000000000074b000 	/System/Library/Frameworks/Carbon.framework/Versions/A/Frameworks/ImageCapture.framework/Versions/A/ImageCapture
0x000000000074b000 	/System/Library/Frameworks/Carbon.framework/Versions/A/Frameworks/OpenScripting.framework/Versions/A/OpenScripting
0x000000000074b000 	/System/Library/Frameworks/Carbon.framework/Versions/A/Frameworks/Print.framework/Versions/A/Print
0x000000000074b000 	/System/Library/Frameworks/Carbon.framework/Versions/A/Frameworks/SecurityHI.framework/Versions/A/SecurityHI
0x000000011da39000 	/Library/Java/JavaVirtualMachines/jdk1.8.0_65.jdk/Contents/Home/jre/lib/libawt.dylib
0x000000011dae1000 	/Library/Java/JavaVirtualMachines/jdk1.8.0_65.jdk/Contents/Home/jre/lib/./libmlib_image.dylib
0x000000011dbad000 	/Library/Java/JavaVirtualMachines/jdk1.8.0_65.jdk/Contents/Home/jre/lib/libawt_lwawt.dylib
0x000000011dc62000 	/Library/Java/JavaVirtualMachines/jdk1.8.0_65.jdk/Contents/Home/jre/lib/./libosxapp.dylib
0x000000000074b000 	/System/Library/Frameworks/ExceptionHandling.framework/Versions/A/ExceptionHandling
0x000000000074b000 	/System/Library/PrivateFrameworks/CoreServicesInternal.framework/Versions/A/CoreServicesInternal
0x000000000074b000 	/System/Library/Frameworks/CoreGraphics.framework/Versions/A/Resources/libRIP.A.dylib
0x000000000074b000 	/System/Library/Frameworks/Accelerate.framework/Versions/A/Frameworks/vImage.framework/Versions/A/Libraries/libCGInterfaces.dylib
0x000000000074b000 	/System/Library/Frameworks/CoreGraphics.framework/Versions/A/Resources/libCGXType.A.dylib
0x000000000074b000 	/System/Library/Frameworks/OpenCL.framework/Versions/A/Libraries/libcldcpuengine.dylib
0x000000000074b000 	/System/Library/PrivateFrameworks/DiskImages.framework/Versions/A/DiskImages
0x000000000074b000 	/System/Library/Frameworks/DiscRecording.framework/Versions/A/DiscRecording
0x000000000074b000 	/usr/lib/libcsfde.dylib
0x000000000074b000 	/usr/lib/libcurl.4.dylib
0x000000000074b000 	/System/Library/PrivateFrameworks/MediaKit.framework/Versions/A/MediaKit
0x000000000074b000 	/System/Library/PrivateFrameworks/ProtectedCloudStorage.framework/Versions/A/ProtectedCloudStorage
0x000000000074b000 	/usr/lib/libCoreStorage.dylib
0x000000000074b000 	/System/Library/PrivateFrameworks/EFILogin.framework/Versions/A/EFILogin
0x000000000074b000 	/usr/lib/libutil.dylib
0x000000000074b000 	/System/Library/PrivateFrameworks/FindMyDevice.framework/Versions/A/FindMyDevice
0x000000000074b000 	/System/Library/Frameworks/LDAP.framework/Versions/A/LDAP
0x000000000074b000 	/usr/lib/libsasl2.2.dylib
0x000000000074b000 	/System/Library/PrivateFrameworks/CoreDaemon.framework/Versions/B/CoreDaemon
0x000000000074b000 	/usr/lib/libcrypto.0.9.8.dylib
0x000000000074b000 	/System/Library/PrivateFrameworks/AppleSRP.framework/Versions/A/AppleSRP
0x000000000074b000 	/System/Library/PrivateFrameworks/TrustEvaluationAgent.framework/Versions/A/TrustEvaluationAgent
0x000000011f8c0000 	cl_kernels
0x000000000074b000 	/System/Library/Frameworks/OpenCL.framework/Versions/A/Libraries/ImageFormats/unorm8_bgra.dylib
0x000000000074b000 	/System/Library/Frameworks/OpenCL.framework/Versions/A/Libraries/ImageFormats/unorm8_rgba.dylib
0x000000000074b000 	/System/Library/PrivateFrameworks/FamilyControls.framework/Versions/A/FamilyControls
0x000000000074b000 	/System/Library/PrivateFrameworks/CommerceKit.framework/Versions/A/Frameworks/CommerceCore.framework/Versions/A/CommerceCore
0x000000000074b000 	/System/Library/PrivateFrameworks/SystemAdministration.framework/Versions/A/SystemAdministration
0x000000000074b000 	/System/Library/PrivateFrameworks/AppContainer.framework/Versions/A/AppContainer
0x000000000074b000 	/System/Library/PrivateFrameworks/SecCodeWrapper.framework/Versions/A/SecCodeWrapper
0x000000000074b000 	/System/Library/Frameworks/DirectoryService.framework/Versions/A/DirectoryService
0x000000000074b000 	/System/Library/PrivateFrameworks/LoginUIKit.framework/Versions/A/Frameworks/LoginUICore.framework/Versions/A/LoginUICore
0x000000000074b000 	/usr/lib/libodfde.dylib
0x000000000074b000 	/System/Library/Frameworks/OpenGL.framework/Versions/A/Resources/GLEngine.bundle/GLEngine
0x000000000074b000 	/System/Library/Frameworks/OpenGL.framework/Versions/A/Libraries/libGLProgrammability.dylib
0x00000001209be000 	/System/Library/Extensions/AppleIntelBDWGraphicsGLDriver.bundle/Contents/MacOS/AppleIntelBDWGraphicsGLDriver
0x000000000074b000 	/System/Library/PrivateFrameworks/GPUSupport.framework/Versions/A/Libraries/libGPUSupportMercury.dylib
0x000000000074b000 	/System/Library/Frameworks/OpenGL.framework/Versions/A/Resources/GLRendererFloat.bundle/GLRendererFloat
0x000000012193f000 	/Library/Java/JavaVirtualMachines/jdk1.8.0_65.jdk/Contents/Home/jre/lib/libfontmanager.dylib
0x0000000122e07000 	/Library/Java/JavaVirtualMachines/jdk1.8.0_65.jdk/Contents/Home/jre/lib/libosxui.dylib
0x000000012392b000 	/Library/Java/JavaVirtualMachines/jdk1.8.0_65.jdk/Contents/Home/jre/lib/libnet.dylib
0x0000000123875000 	/Library/Java/JavaVirtualMachines/jdk1.8.0_65.jdk/Contents/Home/jre/lib/libnio.dylib
0x000000000074b000 	/System/Library/Frameworks/ApplicationServices.framework/Versions/A/Frameworks/ATS.framework/Versions/A/Resources/libTrueTypeScaler.dylib
0x0000000174c78000 	/System/Library/Extensions/AppleIntelBDWGraphicsMTLDriver.bundle/Contents/MacOS/AppleIntelBDWGraphicsMTLDriver
0x0000000174aff000 	/private/var/folders/vd/gg4m48993cb6_6m4v7vr0kzc0000gp/T/jogamp_0000/file_cache/jln5662096843315886946/jln5107221415925787494/libgluegen-rt.jnilib
0x00000001238d2000 	/private/var/folders/vd/gg4m48993cb6_6m4v7vr0kzc0000gp/T/jogamp_0000/file_cache/jln5662096843315886946/jln5107221415925787494/libnativewindow_awt.jnilib
0x0000000174b03000 	/Library/Java/JavaVirtualMachines/jdk1.8.0_65.jdk/Contents/Home/jre/lib/libjawt.dylib
0x0000000174b06000 	/private/var/folders/vd/gg4m48993cb6_6m4v7vr0kzc0000gp/T/jogamp_0000/file_cache/jln5662096843315886946/jln5107221415925787494/libnativewindow_macosx.jnilib
0x00000001752ad000 	/private/var/folders/vd/gg4m48993cb6_6m4v7vr0kzc0000gp/T/jogamp_0000/file_cache/jln5662096843315886946/jln5107221415925787494/libjogl_desktop.jnilib
0x000000017c559000 	/Library/Java/JavaVirtualMachines/jdk1.8.0_65.jdk/Contents/Home/jre/lib/libjpeg.dylib

VM Arguments:
jvm_args: -Djava.security.policy=java.policy.applet -Dfile.encoding=UTF-8 
java_command: sun.applet.AppletViewer module1.HelloWorld1451444198935.html
java_class_path (initial): /Users/shahrzadmn/Dropbox/Eclipse/UCSDUnfoldingMaps/build:/Users/shahrzadmn/Dropbox/Eclipse/UCSDUnfoldingMaps/lib/core.jar:/Users/shahrzadmn/Dropbox/Eclipse/UCSDUnfoldingMaps/lib/gluegen-rt.jar:/Users/shahrzadmn/Dropbox/Eclipse/UCSDUnfoldingMaps/lib/jogl-all.jar:/Users/shahrzadmn/Dropbox/Eclipse/UCSDUnfoldingMaps/lib/log4j-1.2.15.jar:/Users/shahrzadmn/Dropbox/Eclipse/UCSDUnfoldingMaps/lib/sqlite-jdbc-3.7.2.jar:/Users/shahrzadmn/Dropbox/Eclipse/UCSDUnfoldingMaps/lib/json4processing.jar:/Users/shahrzadmn/Dropbox/Eclipse/UCSDUnfoldingMaps/lib/libTUIO.jar:/Users/shahrzadmn/Dropbox/Eclipse/UCSDUnfoldingMaps/lib/unfolding.0.9.7-uscd.jar
Launcher Type: SUN_STANDARD

Environment Variables:
PATH=/usr/bin:/bin:/usr/sbin:/sbin
SHELL=/bin/bash

Signal Handlers:
SIGSEGV: [libjvm.dylib+0x5a6d31], sa_mask[0]=11111111011111110111111111111111, sa_flags=SA_ONSTACK|SA_RESTART|SA_SIGINFO
SIGBUS: [libjvm.dylib+0x5a6d31], sa_mask[0]=11111111011111110111111111111111, sa_flags=SA_RESTART|SA_SIGINFO
SIGFPE: [libjvm.dylib+0x480a40], sa_mask[0]=11111111011111110111111111111111, sa_flags=SA_RESTART|SA_SIGINFO
SIGPIPE: [libjvm.dylib+0x480a40], sa_mask[0]=11111111011111110111111111111111, sa_flags=SA_RESTART|SA_SIGINFO
SIGXFSZ: [libjvm.dylib+0x480a40], sa_mask[0]=11111111011111110111111111111111, sa_flags=SA_RESTART|SA_SIGINFO
SIGILL: [libjvm.dylib+0x480a40], sa_mask[0]=11111111011111110111111111111111, sa_flags=SA_RESTART|SA_SIGINFO
SIGUSR1: SIG_DFL, sa_mask[0]=00000000000000000000000000000000, sa_flags=none
SIGUSR2: [libjvm.dylib+0x48055e], sa_mask[0]=00100000000000000000000000000000, sa_flags=SA_RESTART|SA_SIGINFO
SIGHUP: [libjvm.dylib+0x47eb35], sa_mask[0]=11111111011111110111111111111111, sa_flags=SA_RESTART|SA_SIGINFO
SIGINT: [libjvm.dylib+0x47eb35], sa_mask[0]=11111111011111110111111111111111, sa_flags=SA_RESTART|SA_SIGINFO
SIGTERM: [libjvm.dylib+0x47eb35], sa_mask[0]=11111111011111110111111111111111, sa_flags=SA_RESTART|SA_SIGINFO
SIGQUIT: [libjvm.dylib+0x47eb35], sa_mask[0]=11111111011111110111111111111111, sa_flags=SA_RESTART|SA_SIGINFO


---------------  S Y S T E M  ---------------

OS:Bsduname:Darwin 15.2.0 Darwin Kernel Version 15.2.0: Fri Nov 13 19:56:56 PST 2015; root:xnu-3248.20.55~2/RELEASE_X86_64 x86_64
rlimit: STACK 8192k, CORE 0k, NPROC 709, NOFILE 10240, AS infinity
load average:2.33 1.92 1.89

CPU:total 4 (2 cores per cpu, 2 threads per core) family 6 model 61 stepping 4, cmov, cx8, fxsr, mmx, sse, sse2, sse3, ssse3, sse4.1, sse4.2, popcnt, avx, avx2, aes, clmul, erms, 3dnowpref, lzcnt, ht, tsc, tscinvbit, bmi1, bmi2, adx

Memory: 4k page, physical 16777216k(637532k free)

/proc/meminfo:


vm_info: Java HotSpot(TM) 64-Bit Server VM (25.65-b01) for bsd-amd64 JRE (1.8.0_65-b17), built on Oct  6 2015 15:36:46 by "java_re" with gcc 4.2.1 (Based on Apple Inc. build 5658) (LLVM build 2336.11.00)

time: Tue Dec 29 21:56:56 2015
elapsed time: 17 seconds (0d 0h 0m 17s)

